{"/home/travis/build/npmtest/node-npmtest-homebridge-cmdswitch2/test.js":{"path":"/home/travis/build/npmtest/node-npmtest-homebridge-cmdswitch2/test.js","s":{"1":2,"2":2,"3":2,"4":2,"5":2,"6":2,"7":2,"8":1,"9":2,"10":2,"11":1,"12":1,"13":1,"14":1,"15":2,"16":2,"17":2,"18":2,"19":1,"20":1,"21":2,"22":2,"23":2,"24":1,"25":1,"26":1,"27":1,"28":1,"29":1,"30":1,"31":1,"32":1,"33":1,"34":1,"35":1,"36":1,"37":1,"38":1,"39":2,"40":2,"41":1,"42":2,"43":2,"44":1,"45":2,"46":2,"47":1,"48":2,"49":2,"50":1,"51":1,"52":1,"53":1,"54":1},"b":{"1":[2,1,1,1],"2":[1,1,1,1],"3":[1,1],"4":[1,1],"5":[1,1],"6":[1,1],"7":[1,1],"8":[1,1],"9":[1,1],"10":[1,1,1],"11":[1,1],"12":[1,1],"13":[1,1],"14":[1,1],"15":[1,1],"16":[1,1],"17":[1,1]},"f":{"1":2,"2":2,"3":2,"4":2,"5":2,"6":1,"7":1,"8":1,"9":2,"10":2,"11":2,"12":2,"13":1},"fnMap":{"1":{"name":"(anonymous_1)","line":12,"loc":{"start":{"line":12,"column":1},"end":{"line":12,"column":13}}},"2":{"name":"(anonymous_2)","line":19,"loc":{"start":{"line":19,"column":5},"end":{"line":19,"column":17}}},"3":{"name":"(anonymous_3)","line":23,"loc":{"start":{"line":23,"column":24},"end":{"line":23,"column":36}}},"4":{"name":"(anonymous_4)","line":61,"loc":{"start":{"line":61,"column":5},"end":{"line":61,"column":17}}},"5":{"name":"(anonymous_5)","line":82,"loc":{"start":{"line":82,"column":5},"end":{"line":82,"column":17}}},"6":{"name":"(anonymous_6)","line":91,"loc":{"start":{"line":91,"column":77},"end":{"line":94,"column":10}}},"7":{"name":"(anonymous_7)","line":112,"loc":{"start":{"line":112,"column":83},"end":{"line":115,"column":10}},"skip":true},"8":{"name":"(anonymous_8)","line":123,"loc":{"start":{"line":123,"column":77},"end":{"line":126,"column":10}},"skip":true},"9":{"name":"(anonymous_9)","line":139,"loc":{"start":{"line":139,"column":12},"end":{"line":139,"column":40}},"skip":true},"10":{"name":"(anonymous_10)","line":147,"loc":{"start":{"line":147,"column":77},"end":{"line":150,"column":10}},"skip":true},"11":{"name":"(anonymous_11)","line":158,"loc":{"start":{"line":158,"column":83},"end":{"line":161,"column":10}},"skip":true},"12":{"name":"(anonymous_12)","line":169,"loc":{"start":{"line":169,"column":79},"end":{"line":172,"column":10}},"skip":true},"13":{"name":"(anonymous_13)","line":180,"loc":{"start":{"line":180,"column":75},"end":{"line":183,"column":10}},"skip":true}},"statementMap":{"1":{"start":{"line":12,"column":0},"end":{"line":195,"column":5}},"2":{"start":{"line":14,"column":4},"end":{"line":14,"column":14}},"3":{"start":{"line":19,"column":4},"end":{"line":56,"column":9}},"4":{"start":{"line":21,"column":8},"end":{"line":21,"column":19}},"5":{"start":{"line":23,"column":8},"end":{"line":35,"column":13}},"6":{"start":{"line":24,"column":12},"end":{"line":34,"column":13}},"7":{"start":{"line":25,"column":16},"end":{"line":28,"column":30}},"8":{"start":{"line":30,"column":16},"end":{"line":33,"column":27}},"9":{"start":{"line":37,"column":8},"end":{"line":39,"column":21}},"10":{"start":{"line":40,"column":8},"end":{"line":53,"column":9}},"11":{"start":{"line":43,"column":12},"end":{"line":46,"column":14}},"12":{"start":{"line":47,"column":12},"end":{"line":47,"column":18}},"13":{"start":{"line":50,"column":12},"end":{"line":51,"column":33}},"14":{"start":{"line":52,"column":12},"end":{"line":52,"column":18}},"15":{"start":{"line":55,"column":8},"end":{"line":55,"column":35}},"16":{"start":{"line":61,"column":4},"end":{"line":63,"column":9}},"17":{"start":{"line":62,"column":8},"end":{"line":62,"column":15}},"18":{"start":{"line":64,"column":4},"end":{"line":77,"column":5}},"19":{"start":{"line":70,"column":8},"end":{"line":70,"column":14}},"20":{"start":{"line":76,"column":8},"end":{"line":76,"column":14}},"21":{"start":{"line":82,"column":4},"end":{"line":84,"column":9}},"22":{"start":{"line":83,"column":8},"end":{"line":83,"column":15}},"23":{"start":{"line":85,"column":4},"end":{"line":194,"column":5}},"24":{"start":{"line":91,"column":8},"end":{"line":99,"column":10}},"25":{"start":{"line":98,"column":12},"end":{"line":98,"column":35}},"26":{"start":{"line":102,"column":8},"end":{"line":104,"column":63}},"27":{"start":{"line":105,"column":8},"end":{"line":105,"column":14}},"28":{"start":{"line":112,"column":8},"end":{"line":121,"column":10},"skip":true},"29":{"start":{"line":119,"column":12},"end":{"line":119,"column":55},"skip":true},"30":{"start":{"line":120,"column":12},"end":{"line":120,"column":48},"skip":true},"31":{"start":{"line":123,"column":8},"end":{"line":136,"column":10},"skip":true},"32":{"start":{"line":130,"column":12},"end":{"line":130,"column":76},"skip":true},"33":{"start":{"line":131,"column":12},"end":{"line":131,"column":73},"skip":true},"34":{"start":{"line":132,"column":12},"end":{"line":132,"column":74},"skip":true},"35":{"start":{"line":133,"column":12},"end":{"line":133,"column":79},"skip":true},"36":{"start":{"line":134,"column":12},"end":{"line":134,"column":25},"skip":true},"37":{"start":{"line":135,"column":12},"end":{"line":135,"column":45},"skip":true},"38":{"start":{"line":138,"column":8},"end":{"line":145,"column":14},"skip":true},"39":{"start":{"line":143,"column":16},"end":{"line":143,"column":29},"skip":true},"40":{"start":{"line":144,"column":16},"end":{"line":144,"column":55},"skip":true},"41":{"start":{"line":147,"column":8},"end":{"line":156,"column":10},"skip":true},"42":{"start":{"line":154,"column":12},"end":{"line":154,"column":25},"skip":true},"43":{"start":{"line":155,"column":12},"end":{"line":155,"column":45},"skip":true},"44":{"start":{"line":158,"column":8},"end":{"line":167,"column":10},"skip":true},"45":{"start":{"line":165,"column":12},"end":{"line":165,"column":25},"skip":true},"46":{"start":{"line":166,"column":12},"end":{"line":166,"column":48},"skip":true},"47":{"start":{"line":169,"column":8},"end":{"line":178,"column":10},"skip":true},"48":{"start":{"line":176,"column":12},"end":{"line":176,"column":25},"skip":true},"49":{"start":{"line":177,"column":12},"end":{"line":177,"column":46},"skip":true},"50":{"start":{"line":180,"column":8},"end":{"line":189,"column":10},"skip":true},"51":{"start":{"line":187,"column":12},"end":{"line":187,"column":94},"skip":true},"52":{"start":{"line":188,"column":12},"end":{"line":188,"column":48},"skip":true},"53":{"start":{"line":192,"column":8},"end":{"line":192,"column":35},"skip":true},"54":{"start":{"line":193,"column":8},"end":{"line":193,"column":14},"skip":true}},"branchMap":{"1":{"line":25,"type":"binary-expr","locations":[{"start":{"line":25,"column":23},"end":{"line":25,"column":62}},{"start":{"line":26,"column":20},"end":{"line":26,"column":70}},{"start":{"line":27,"column":20},"end":{"line":27,"column":71}},{"start":{"line":28,"column":20},"end":{"line":28,"column":29}}]},"2":{"line":30,"type":"binary-expr","locations":[{"start":{"line":30,"column":23},"end":{"line":30,"column":37}},{"start":{"line":31,"column":20},"end":{"line":31,"column":61}},{"start":{"line":32,"column":20},"end":{"line":32,"column":70}},{"start":{"line":33,"column":20},"end":{"line":33,"column":26}}]},"3":{"line":37,"type":"cond-expr","locations":[{"start":{"line":38,"column":14},"end":{"line":38,"column":20}},{"start":{"line":39,"column":14},"end":{"line":39,"column":20}}]},"4":{"line":40,"type":"switch","locations":[{"start":{"line":42,"column":8},"end":{"line":47,"column":18}},{"start":{"line":49,"column":8},"end":{"line":52,"column":18}}]},"5":{"line":44,"type":"binary-expr","locations":[{"start":{"line":44,"column":16},"end":{"line":44,"column":44}},{"start":{"line":44,"column":48},"end":{"line":44,"column":66}}]},"6":{"line":50,"type":"binary-expr","locations":[{"start":{"line":50,"column":21},"end":{"line":50,"column":49}},{"start":{"line":50,"column":53},"end":{"line":50,"column":72}}]},"7":{"line":64,"type":"switch","locations":[{"start":{"line":69,"column":4},"end":{"line":70,"column":14}},{"start":{"line":75,"column":4},"end":{"line":76,"column":14}}]},"8":{"line":85,"type":"switch","locations":[{"start":{"line":90,"column":4},"end":{"line":105,"column":14}},{"start":{"line":111,"column":4},"end":{"line":193,"column":14},"skip":true}]},"9":{"line":91,"type":"binary-expr","locations":[{"start":{"line":91,"column":42},"end":{"line":91,"column":73}},{"start":{"line":91,"column":77},"end":{"line":99,"column":9}}]},"10":{"line":102,"type":"binary-expr","locations":[{"start":{"line":102,"column":18},"end":{"line":102,"column":32}},{"start":{"line":103,"column":12},"end":{"line":103,"column":53}},{"start":{"line":104,"column":12},"end":{"line":104,"column":61}}]},"11":{"line":112,"type":"binary-expr","locations":[{"start":{"line":112,"column":45},"end":{"line":112,"column":79},"skip":true},{"start":{"line":112,"column":83},"end":{"line":121,"column":9},"skip":true}]},"12":{"line":123,"type":"binary-expr","locations":[{"start":{"line":123,"column":42},"end":{"line":123,"column":73},"skip":true},{"start":{"line":123,"column":77},"end":{"line":136,"column":9},"skip":true}]},"13":{"line":138,"type":"binary-expr","locations":[{"start":{"line":138,"column":48},"end":{"line":138,"column":85},"skip":true},{"start":{"line":139,"column":12},"end":{"line":145,"column":13},"skip":true}]},"14":{"line":147,"type":"binary-expr","locations":[{"start":{"line":147,"column":42},"end":{"line":147,"column":73},"skip":true},{"start":{"line":147,"column":77},"end":{"line":156,"column":9},"skip":true}]},"15":{"line":158,"type":"binary-expr","locations":[{"start":{"line":158,"column":45},"end":{"line":158,"column":79},"skip":true},{"start":{"line":158,"column":83},"end":{"line":167,"column":9},"skip":true}]},"16":{"line":169,"type":"binary-expr","locations":[{"start":{"line":169,"column":43},"end":{"line":169,"column":75},"skip":true},{"start":{"line":169,"column":79},"end":{"line":178,"column":9},"skip":true}]},"17":{"line":180,"type":"binary-expr","locations":[{"start":{"line":180,"column":41},"end":{"line":180,"column":71},"skip":true},{"start":{"line":180,"column":75},"end":{"line":189,"column":9},"skip":true}]}},"code":["/* istanbul instrument in package npmtest_homebridge_cmdswitch2 */","/*jslint","    bitwise: true,","    browser: true,","    maxerr: 8,","    maxlen: 96,","    node: true,","    nomen: true,","    regexp: true,","    stupid: true","*/","(function () {","    'use strict';","    var local;","","","","    // run shared js-env code - pre-init","    (function () {","        // init local","        local = {};","        // init modeJs","        local.modeJs = (function () {","            try {","                return typeof navigator.userAgent === 'string' &&","                    typeof document.querySelector('body') === 'object' &&","                    typeof XMLHttpRequest.prototype.open === 'function' &&","                    'browser';","            } catch (errorCaughtBrowser) {","                return module.exports &&","                    typeof process.versions.node === 'string' &&","                    typeof require('http').createServer === 'function' &&","                    'node';","            }","        }());","        // init global","        local.global = local.modeJs === 'browser'","            ? window","            : global;","        switch (local.modeJs) {","        // re-init local from window.local","        case 'browser':","            local = local.global.utility2.objectSetDefault(","                local.global.utility2_rollup || local.global.local,","                local.global.utility2","            );","            break;","        // re-init local from example.js","        case 'node':","            local = (local.global.utility2_rollup || require('utility2'))","                .requireReadme();","            break;","        }","        // export local","        local.global.local = local;","    }());","","","","    // run shared js-env code - function","    (function () {","        return;","    }());","    switch (local.modeJs) {","","","","    // run browser js-env code - function","    case 'browser':","        break;","","","","    // run node js-env code - function","    case 'node':","        break;","    }","","","","    // run shared js-env code - post-init","    (function () {","        return;","    }());","    switch (local.modeJs) {","","","","    // run browser js-env code - post-init","    case 'browser':","        local.testCase_browser_nullCase = local.testCase_browser_nullCase || function (","            options,","            onError","        ) {","        /*","         * this function will test browsers's null-case handling-behavior-behavior","         */","            onError(null, options);","        };","","        // run tests","        local.nop(local.modeTest &&","            document.querySelector('#testRunButton1') &&","            document.querySelector('#testRunButton1').click());","        break;","","","","    // run node js-env code - post-init","    /* istanbul ignore next */","    case 'node':","        local.testCase_buildApidoc_default = local.testCase_buildApidoc_default || function (","            options,","            onError","        ) {","        /*","         * this function will test buildApidoc's default handling-behavior-behavior","         */","            options = { modulePathList: module.paths };","            local.buildApidoc(options, onError);","        };","","        local.testCase_buildApp_default = local.testCase_buildApp_default || function (","            options,","            onError","        ) {","        /*","         * this function will test buildApp's default handling-behavior-behavior","         */","            local.testCase_buildReadme_default(options, local.onErrorThrow);","            local.testCase_buildLib_default(options, local.onErrorThrow);","            local.testCase_buildTest_default(options, local.onErrorThrow);","            local.testCase_buildCustomOrg_default(options, local.onErrorThrow);","            options = [];","            local.buildApp(options, onError);","        };","","        local.testCase_buildCustomOrg_default = local.testCase_buildCustomOrg_default ||","            function (options, onError) {","            /*","             * this function will test buildCustomOrg's default handling-behavior","             */","                options = {};","                local.buildCustomOrg(options, onError);","            };","","        local.testCase_buildLib_default = local.testCase_buildLib_default || function (","            options,","            onError","        ) {","        /*","         * this function will test buildLib's default handling-behavior","         */","            options = {};","            local.buildLib(options, onError);","        };","","        local.testCase_buildReadme_default = local.testCase_buildReadme_default || function (","            options,","            onError","        ) {","        /*","         * this function will test buildReadme's default handling-behavior-behavior","         */","            options = {};","            local.buildReadme(options, onError);","        };","","        local.testCase_buildTest_default = local.testCase_buildTest_default || function (","            options,","            onError","        ) {","        /*","         * this function will test buildTest's default handling-behavior","         */","            options = {};","            local.buildTest(options, onError);","        };","","        local.testCase_webpage_default = local.testCase_webpage_default || function (","            options,","            onError","        ) {","        /*","         * this function will test webpage's default handling-behavior","         */","            options = { modeCoverageMerge: true, url: local.serverLocalHost + '?modeTest=1' };","            local.browserTest(options, onError);","        };","","        // run test-server","        local.testRunServer(local);","        break;","    }","}());",""],"l":{"12":2,"14":2,"19":2,"21":2,"23":2,"24":2,"25":2,"30":1,"37":2,"40":2,"43":1,"47":1,"50":1,"52":1,"55":2,"61":2,"62":2,"64":2,"70":1,"76":1,"82":2,"83":2,"85":2,"91":1,"98":1,"102":1,"105":1,"112":1,"119":1,"120":1,"123":1,"130":1,"131":1,"132":1,"133":1,"134":1,"135":1,"138":1,"143":2,"144":2,"147":1,"154":2,"155":2,"158":1,"165":2,"166":2,"169":1,"176":2,"177":2,"180":1,"187":1,"188":1,"192":1,"193":1}},"/home/travis/build/npmtest/node-npmtest-homebridge-cmdswitch2/lib.npmtest_homebridge_cmdswitch2.js":{"path":"/home/travis/build/npmtest/node-npmtest-homebridge-cmdswitch2/lib.npmtest_homebridge_cmdswitch2.js","s":{"1":2,"2":2,"3":2,"4":2,"5":2,"6":2,"7":2,"8":1,"9":2,"10":2,"11":2,"12":2,"13":1,"14":1,"15":1,"16":1},"b":{"1":[2,1,1,1],"2":[1,1,1,1],"3":[1,1],"4":[2,2],"5":[1,1]},"f":{"1":2,"2":2,"3":2},"fnMap":{"1":{"name":"(anonymous_1)","line":12,"loc":{"start":{"line":12,"column":1},"end":{"line":12,"column":13}}},"2":{"name":"(anonymous_2)","line":19,"loc":{"start":{"line":19,"column":5},"end":{"line":19,"column":17}}},"3":{"name":"(anonymous_3)","line":23,"loc":{"start":{"line":23,"column":24},"end":{"line":23,"column":36}}}},"statementMap":{"1":{"start":{"line":12,"column":0},"end":{"line":53,"column":5}},"2":{"start":{"line":14,"column":4},"end":{"line":14,"column":14}},"3":{"start":{"line":19,"column":4},"end":{"line":52,"column":9}},"4":{"start":{"line":21,"column":8},"end":{"line":21,"column":19}},"5":{"start":{"line":23,"column":8},"end":{"line":35,"column":13}},"6":{"start":{"line":24,"column":12},"end":{"line":34,"column":13}},"7":{"start":{"line":25,"column":16},"end":{"line":28,"column":30}},"8":{"start":{"line":30,"column":16},"end":{"line":33,"column":27}},"9":{"start":{"line":37,"column":8},"end":{"line":39,"column":21}},"10":{"start":{"line":41,"column":8},"end":{"line":41,"column":54}},"11":{"start":{"line":43,"column":8},"end":{"line":43,"column":66}},"12":{"start":{"line":45,"column":8},"end":{"line":51,"column":9}},"13":{"start":{"line":46,"column":12},"end":{"line":46,"column":72}},"14":{"start":{"line":48,"column":12},"end":{"line":48,"column":35}},"15":{"start":{"line":49,"column":12},"end":{"line":49,"column":49}},"16":{"start":{"line":50,"column":12},"end":{"line":50,"column":43}}},"branchMap":{"1":{"line":25,"type":"binary-expr","locations":[{"start":{"line":25,"column":23},"end":{"line":25,"column":62}},{"start":{"line":26,"column":20},"end":{"line":26,"column":70}},{"start":{"line":27,"column":20},"end":{"line":27,"column":71}},{"start":{"line":28,"column":20},"end":{"line":28,"column":29}}]},"2":{"line":30,"type":"binary-expr","locations":[{"start":{"line":30,"column":23},"end":{"line":30,"column":37}},{"start":{"line":31,"column":20},"end":{"line":31,"column":61}},{"start":{"line":32,"column":20},"end":{"line":32,"column":70}},{"start":{"line":33,"column":20},"end":{"line":33,"column":26}}]},"3":{"line":37,"type":"cond-expr","locations":[{"start":{"line":38,"column":14},"end":{"line":38,"column":20}},{"start":{"line":39,"column":14},"end":{"line":39,"column":20}}]},"4":{"line":41,"type":"binary-expr","locations":[{"start":{"line":41,"column":16},"end":{"line":41,"column":44}},{"start":{"line":41,"column":48},"end":{"line":41,"column":53}}]},"5":{"line":45,"type":"if","locations":[{"start":{"line":45,"column":8},"end":{"line":45,"column":8}},{"start":{"line":45,"column":8},"end":{"line":45,"column":8}}]}},"code":["/* istanbul instrument in package npmtest_homebridge_cmdswitch2 */","/*jslint","    bitwise: true,","    browser: true,","    maxerr: 8,","    maxlen: 96,","    node: true,","    nomen: true,","    regexp: true,","    stupid: true","*/","(function () {","    'use strict';","    var local;","","","","    // run shared js-env code - pre-init","    (function () {","        // init local","        local = {};","        // init modeJs","        local.modeJs = (function () {","            try {","                return typeof navigator.userAgent === 'string' &&","                    typeof document.querySelector('body') === 'object' &&","                    typeof XMLHttpRequest.prototype.open === 'function' &&","                    'browser';","            } catch (errorCaughtBrowser) {","                return module.exports &&","                    typeof process.versions.node === 'string' &&","                    typeof require('http').createServer === 'function' &&","                    'node';","            }","        }());","        // init global","        local.global = local.modeJs === 'browser'","            ? window","            : global;","        // init utility2_rollup","        local = local.global.utility2_rollup || local;","        // init lib","        local.local = local.npmtest_homebridge_cmdswitch2 = local;","        // init exports","        if (local.modeJs === 'browser') {","            local.global.utility2_npmtest_homebridge_cmdswitch2 = local;","        } else {","            module.exports = local;","            module.exports.__dirname = __dirname;","            module.exports.module = module;","        }","    }());","}());",""],"l":{"12":2,"14":2,"19":2,"21":2,"23":2,"24":2,"25":2,"30":1,"37":2,"41":2,"43":2,"45":2,"46":1,"48":1,"49":1,"50":1}},"/home/travis/build/npmtest/node-npmtest-homebridge-cmdswitch2/example.js":{"path":"/home/travis/build/npmtest/node-npmtest-homebridge-cmdswitch2/example.js","s":{"1":2,"2":2,"3":2,"4":2,"5":2,"6":2,"7":2,"8":1,"9":2,"10":2,"11":2,"12":2,"13":1,"14":2,"15":2,"16":2,"17":2,"18":2,"19":0,"20":2,"21":1,"22":1,"23":1,"24":1,"25":1,"26":0,"27":0,"28":1,"29":1,"30":2,"31":0,"32":0,"33":0,"34":1,"35":2,"36":2,"37":3,"38":3,"39":3,"40":3,"41":0,"42":3,"43":3,"44":3,"45":1,"46":3,"47":1,"48":1,"49":1,"50":1,"51":1,"52":1,"53":1,"54":1,"55":1,"56":1,"57":0,"58":1,"59":6,"60":6,"61":1,"62":2,"63":0,"64":2,"65":1,"66":1,"67":0,"68":0,"69":0,"70":0,"71":0,"72":0,"73":0,"74":0,"75":0,"76":0,"77":0,"78":0,"79":0,"80":0,"81":0,"82":0,"83":0},"b":{"1":[2,1,1,1],"2":[1,1,1,1],"3":[1,1],"4":[2,2],"5":[1,1],"6":[1,1],"7":[2,0],"8":[2,1,1,1,1,1],"9":[0,2,0],"10":[1,1],"11":[2,1,1],"12":[1,0],"13":[0,2],"14":[2,0,0,0,0,0,0],"15":[0,3],"16":[3,0],"17":[1,1],"18":[0,1],"19":[1,2,0,2],"20":[1,0],"21":[1,1],"22":[0,0],"23":[0,0],"24":[0,0],"25":[0,0],"26":[0,0],"27":[0,0],"28":[0,0]},"f":{"1":2,"2":2,"3":2,"4":2,"5":2,"6":2,"7":3,"8":3,"9":3,"10":1,"11":6,"12":0},"fnMap":{"1":{"name":"(anonymous_1)","line":26,"loc":{"start":{"line":26,"column":1},"end":{"line":26,"column":13}}},"2":{"name":"(anonymous_2)","line":33,"loc":{"start":{"line":33,"column":5},"end":{"line":33,"column":17}}},"3":{"name":"(anonymous_3)","line":37,"loc":{"start":{"line":37,"column":24},"end":{"line":37,"column":36}}},"4":{"name":"(anonymous_4)","line":69,"loc":{"start":{"line":69,"column":31},"end":{"line":69,"column":48}},"skip":true},"5":{"name":"(anonymous_5)","line":78,"loc":{"start":{"line":78,"column":26},"end":{"line":78,"column":45}},"skip":true},"6":{"name":"(anonymous_6)","line":123,"loc":{"start":{"line":123,"column":33},"end":{"line":123,"column":48}},"skip":true},"7":{"name":"(anonymous_7)","line":125,"loc":{"start":{"line":125,"column":27},"end":{"line":125,"column":39}},"skip":true},"8":{"name":"(anonymous_8)","line":133,"loc":{"start":{"line":133,"column":59},"end":{"line":133,"column":74}},"skip":true},"9":{"name":"(anonymous_9)","line":143,"loc":{"start":{"line":143,"column":45},"end":{"line":143,"column":62}},"skip":true},"10":{"name":"(anonymous_10)","line":144,"loc":{"start":{"line":144,"column":73},"end":{"line":144,"column":92}},"skip":true},"11":{"name":"(anonymous_11)","line":272,"loc":{"start":{"line":272,"column":51},"end":{"line":272,"column":77}},"skip":true},"12":{"name":"(anonymous_12)","line":315,"loc":{"start":{"line":315,"column":32},"end":{"line":315,"column":61}},"skip":true}},"statementMap":{"1":{"start":{"line":26,"column":0},"end":{"line":326,"column":5}},"2":{"start":{"line":28,"column":4},"end":{"line":28,"column":14}},"3":{"start":{"line":33,"column":4},"end":{"line":60,"column":9}},"4":{"start":{"line":35,"column":8},"end":{"line":35,"column":19}},"5":{"start":{"line":37,"column":8},"end":{"line":49,"column":13}},"6":{"start":{"line":38,"column":12},"end":{"line":48,"column":13}},"7":{"start":{"line":39,"column":16},"end":{"line":42,"column":30}},"8":{"start":{"line":44,"column":16},"end":{"line":47,"column":27}},"9":{"start":{"line":51,"column":8},"end":{"line":53,"column":21}},"10":{"start":{"line":55,"column":8},"end":{"line":57,"column":45}},"11":{"start":{"line":59,"column":8},"end":{"line":59,"column":35}},"12":{"start":{"line":61,"column":4},"end":{"line":325,"column":5}},"13":{"start":{"line":69,"column":8},"end":{"line":121,"column":10},"skip":true},"14":{"start":{"line":70,"column":12},"end":{"line":88,"column":13},"skip":true},"15":{"start":{"line":76,"column":16},"end":{"line":87,"column":19},"skip":true},"16":{"start":{"line":79,"column":20},"end":{"line":86,"column":21},"skip":true},"17":{"start":{"line":82,"column":24},"end":{"line":82,"column":43},"skip":true},"18":{"start":{"line":83,"column":24},"end":{"line":83,"column":30},"skip":true},"19":{"start":{"line":85,"column":24},"end":{"line":85,"column":49},"skip":true},"20":{"start":{"line":89,"column":12},"end":{"line":107,"column":13},"skip":true},"21":{"start":{"line":92,"column":16},"end":{"line":102,"column":17},"skip":true},"22":{"start":{"line":93,"column":20},"end":{"line":93,"column":86},"skip":true},"23":{"start":{"line":94,"column":20},"end":{"line":95,"column":45},"skip":true},"24":{"start":{"line":96,"column":20},"end":{"line":96,"column":42},"skip":true},"25":{"start":{"line":97,"column":20},"end":{"line":97,"column":48},"skip":true},"26":{"start":{"line":100,"column":20},"end":{"line":100,"column":85},"skip":true},"27":{"start":{"line":101,"column":20},"end":{"line":101,"column":96},"skip":true},"28":{"start":{"line":103,"column":16},"end":{"line":103,"column":22},"skip":true},"29":{"start":{"line":106,"column":16},"end":{"line":106,"column":22},"skip":true},"30":{"start":{"line":108,"column":12},"end":{"line":120,"column":13},"skip":true},"31":{"start":{"line":114,"column":16},"end":{"line":119,"column":17},"skip":true},"32":{"start":{"line":116,"column":20},"end":{"line":116,"column":78},"skip":true},"33":{"start":{"line":118,"column":20},"end":{"line":118,"column":47},"skip":true},"34":{"start":{"line":123,"column":8},"end":{"line":141,"column":11},"skip":true},"35":{"start":{"line":124,"column":12},"end":{"line":124,"column":54},"skip":true},"36":{"start":{"line":125,"column":12},"end":{"line":140,"column":14},"skip":true},"37":{"start":{"line":126,"column":16},"end":{"line":126,"column":28},"skip":true},"38":{"start":{"line":127,"column":16},"end":{"line":127,"column":69},"skip":true},"39":{"start":{"line":128,"column":16},"end":{"line":128,"column":75},"skip":true},"40":{"start":{"line":129,"column":16},"end":{"line":131,"column":17},"skip":true},"41":{"start":{"line":130,"column":20},"end":{"line":130,"column":27},"skip":true},"42":{"start":{"line":133,"column":16},"end":{"line":137,"column":36},"skip":true},"43":{"start":{"line":134,"column":20},"end":{"line":136,"column":55},"skip":true},"44":{"start":{"line":139,"column":16},"end":{"line":139,"column":57},"skip":true},"45":{"start":{"line":143,"column":8},"end":{"line":147,"column":11},"skip":true},"46":{"start":{"line":144,"column":12},"end":{"line":146,"column":15},"skip":true},"47":{"start":{"line":145,"column":16},"end":{"line":145,"column":70},"skip":true},"48":{"start":{"line":149,"column":8},"end":{"line":149,"column":31},"skip":true},"49":{"start":{"line":150,"column":8},"end":{"line":150,"column":14},"skip":true},"50":{"start":{"line":158,"column":8},"end":{"line":158,"column":31},"skip":true},"51":{"start":{"line":160,"column":8},"end":{"line":160,"column":33},"skip":true},"52":{"start":{"line":161,"column":8},"end":{"line":161,"column":37},"skip":true},"53":{"start":{"line":162,"column":8},"end":{"line":162,"column":35},"skip":true},"54":{"start":{"line":164,"column":8},"end":{"line":164,"column":50},"skip":true},"55":{"start":{"line":166,"column":8},"end":{"line":256,"column":2},"skip":true},"56":{"start":{"line":258,"column":8},"end":{"line":286,"column":9},"skip":true},"57":{"start":{"line":259,"column":12},"end":{"line":269,"column":14},"skip":true},"58":{"start":{"line":271,"column":12},"end":{"line":285,"column":19},"skip":true},"59":{"start":{"line":274,"column":20},"end":{"line":274,"column":35},"skip":true},"60":{"start":{"line":275,"column":20},"end":{"line":284,"column":21},"skip":true},"61":{"start":{"line":277,"column":24},"end":{"line":277,"column":64},"skip":true},"62":{"start":{"line":279,"column":24},"end":{"line":279,"column":40},"skip":true},"63":{"start":{"line":281,"column":24},"end":{"line":281,"column":40},"skip":true},"64":{"start":{"line":283,"column":24},"end":{"line":283,"column":39},"skip":true},"65":{"start":{"line":288,"column":8},"end":{"line":290,"column":9},"skip":true},"66":{"start":{"line":289,"column":12},"end":{"line":289,"column":18},"skip":true},"67":{"start":{"line":291,"column":8},"end":{"line":293,"column":54},"skip":true},"68":{"start":{"line":296,"column":8},"end":{"line":301,"column":37},"skip":true},"69":{"start":{"line":303,"column":8},"end":{"line":303,"column":82},"skip":true},"70":{"start":{"line":306,"column":8},"end":{"line":308,"column":9},"skip":true},"71":{"start":{"line":307,"column":12},"end":{"line":307,"column":82},"skip":true},"72":{"start":{"line":310,"column":8},"end":{"line":312,"column":9},"skip":true},"73":{"start":{"line":311,"column":12},"end":{"line":311,"column":18},"skip":true},"74":{"start":{"line":313,"column":8},"end":{"line":313,"column":54},"skip":true},"75":{"start":{"line":314,"column":8},"end":{"line":314,"column":69},"skip":true},"76":{"start":{"line":315,"column":8},"end":{"line":323,"column":36},"skip":true},"77":{"start":{"line":316,"column":12},"end":{"line":316,"column":61},"skip":true},"78":{"start":{"line":317,"column":12},"end":{"line":320,"column":13},"skip":true},"79":{"start":{"line":318,"column":16},"end":{"line":318,"column":75},"skip":true},"80":{"start":{"line":319,"column":16},"end":{"line":319,"column":23},"skip":true},"81":{"start":{"line":321,"column":12},"end":{"line":321,"column":38},"skip":true},"82":{"start":{"line":322,"column":12},"end":{"line":322,"column":27},"skip":true},"83":{"start":{"line":324,"column":8},"end":{"line":324,"column":14},"skip":true}},"branchMap":{"1":{"line":39,"type":"binary-expr","locations":[{"start":{"line":39,"column":23},"end":{"line":39,"column":62}},{"start":{"line":40,"column":20},"end":{"line":40,"column":70}},{"start":{"line":41,"column":20},"end":{"line":41,"column":71}},{"start":{"line":42,"column":20},"end":{"line":42,"column":29}}]},"2":{"line":44,"type":"binary-expr","locations":[{"start":{"line":44,"column":23},"end":{"line":44,"column":37}},{"start":{"line":45,"column":20},"end":{"line":45,"column":61}},{"start":{"line":46,"column":20},"end":{"line":46,"column":70}},{"start":{"line":47,"column":20},"end":{"line":47,"column":26}}]},"3":{"line":51,"type":"cond-expr","locations":[{"start":{"line":52,"column":14},"end":{"line":52,"column":20}},{"start":{"line":53,"column":14},"end":{"line":53,"column":20}}]},"4":{"line":55,"type":"binary-expr","locations":[{"start":{"line":55,"column":16},"end":{"line":55,"column":44}},{"start":{"line":55,"column":49},"end":{"line":57,"column":43}}]},"5":{"line":55,"type":"cond-expr","locations":[{"start":{"line":56,"column":14},"end":{"line":56,"column":65}},{"start":{"line":57,"column":14},"end":{"line":57,"column":43}}]},"6":{"line":61,"type":"switch","locations":[{"start":{"line":68,"column":4},"end":{"line":150,"column":14},"skip":true},{"start":{"line":156,"column":4},"end":{"line":324,"column":14},"skip":true}]},"7":{"line":70,"type":"if","locations":[{"start":{"line":70,"column":12},"end":{"line":70,"column":12},"skip":true},{"start":{"line":70,"column":12},"end":{"line":70,"column":12},"skip":true}]},"8":{"line":70,"type":"binary-expr","locations":[{"start":{"line":70,"column":16},"end":{"line":70,"column":22},"skip":true},{"start":{"line":70,"column":27},"end":{"line":70,"column":32},"skip":true},{"start":{"line":71,"column":20},"end":{"line":71,"column":39},"skip":true},{"start":{"line":72,"column":20},"end":{"line":72,"column":49},"skip":true},{"start":{"line":73,"column":20},"end":{"line":73,"column":58},"skip":true},{"start":{"line":74,"column":20},"end":{"line":74,"column":69},"skip":true}]},"9":{"line":79,"type":"switch","locations":[{"start":{"line":80,"column":20},"end":{"line":80,"column":33},"skip":true},{"start":{"line":81,"column":20},"end":{"line":83,"column":30},"skip":true},{"start":{"line":84,"column":20},"end":{"line":85,"column":49},"skip":true}]},"10":{"line":89,"type":"switch","locations":[{"start":{"line":90,"column":12},"end":{"line":103,"column":22},"skip":true},{"start":{"line":105,"column":12},"end":{"line":106,"column":22},"skip":true}]},"11":{"line":89,"type":"binary-expr","locations":[{"start":{"line":89,"column":20},"end":{"line":89,"column":25},"skip":true},{"start":{"line":89,"column":29},"end":{"line":89,"column":48},"skip":true},{"start":{"line":89,"column":52},"end":{"line":89,"column":74},"skip":true}]},"12":{"line":92,"type":"if","locations":[{"start":{"line":92,"column":16},"end":{"line":92,"column":16},"skip":true},{"start":{"line":92,"column":16},"end":{"line":92,"column":16},"skip":true}]},"13":{"line":108,"type":"if","locations":[{"start":{"line":108,"column":12},"end":{"line":108,"column":12},"skip":true},{"start":{"line":108,"column":12},"end":{"line":108,"column":12},"skip":true}]},"14":{"line":108,"type":"binary-expr","locations":[{"start":{"line":108,"column":16},"end":{"line":108,"column":61},"skip":true},{"start":{"line":108,"column":66},"end":{"line":108,"column":72},"skip":true},{"start":{"line":108,"column":77},"end":{"line":108,"column":82},"skip":true},{"start":{"line":109,"column":20},"end":{"line":109,"column":39},"skip":true},{"start":{"line":110,"column":20},"end":{"line":110,"column":49},"skip":true},{"start":{"line":111,"column":20},"end":{"line":111,"column":58},"skip":true},{"start":{"line":112,"column":20},"end":{"line":112,"column":68},"skip":true}]},"15":{"line":129,"type":"if","locations":[{"start":{"line":129,"column":16},"end":{"line":129,"column":16},"skip":true},{"start":{"line":129,"column":16},"end":{"line":129,"column":16},"skip":true}]},"16":{"line":134,"type":"cond-expr","locations":[{"start":{"line":135,"column":26},"end":{"line":135,"column":29},"skip":true},{"start":{"line":136,"column":26},"end":{"line":136,"column":54},"skip":true}]},"17":{"line":164,"type":"binary-expr","locations":[{"start":{"line":164,"column":27},"end":{"line":164,"column":43},"skip":true},{"start":{"line":164,"column":47},"end":{"line":164,"column":49},"skip":true}]},"18":{"line":258,"type":"if","locations":[{"start":{"line":258,"column":8},"end":{"line":258,"column":8},"skip":true},{"start":{"line":258,"column":8},"end":{"line":258,"column":8},"skip":true}]},"19":{"line":275,"type":"switch","locations":[{"start":{"line":276,"column":20},"end":{"line":277,"column":64},"skip":true},{"start":{"line":278,"column":20},"end":{"line":279,"column":40},"skip":true},{"start":{"line":280,"column":20},"end":{"line":281,"column":40},"skip":true},{"start":{"line":282,"column":20},"end":{"line":283,"column":39},"skip":true}]},"20":{"line":288,"type":"if","locations":[{"start":{"line":288,"column":8},"end":{"line":288,"column":8},"skip":true},{"start":{"line":288,"column":8},"end":{"line":288,"column":8},"skip":true}]},"21":{"line":288,"type":"binary-expr","locations":[{"start":{"line":288,"column":12},"end":{"line":288,"column":40},"skip":true},{"start":{"line":288,"column":44},"end":{"line":288,"column":67},"skip":true}]},"22":{"line":292,"type":"binary-expr","locations":[{"start":{"line":292,"column":12},"end":{"line":292,"column":50},"skip":true},{"start":{"line":293,"column":12},"end":{"line":293,"column":53},"skip":true}]},"23":{"line":297,"type":"binary-expr","locations":[{"start":{"line":297,"column":12},"end":{"line":297,"column":79},"skip":true},{"start":{"line":298,"column":12},"end":{"line":301,"column":36},"skip":true}]},"24":{"line":303,"type":"binary-expr","locations":[{"start":{"line":303,"column":43},"end":{"line":303,"column":75},"skip":true},{"start":{"line":303,"column":79},"end":{"line":303,"column":81},"skip":true}]},"25":{"line":306,"type":"if","locations":[{"start":{"line":306,"column":8},"end":{"line":306,"column":8},"skip":true},{"start":{"line":306,"column":8},"end":{"line":306,"column":8},"skip":true}]},"26":{"line":310,"type":"if","locations":[{"start":{"line":310,"column":8},"end":{"line":310,"column":8},"skip":true},{"start":{"line":310,"column":8},"end":{"line":310,"column":8},"skip":true}]},"27":{"line":313,"type":"binary-expr","locations":[{"start":{"line":313,"column":27},"end":{"line":313,"column":43},"skip":true},{"start":{"line":313,"column":47},"end":{"line":313,"column":53},"skip":true}]},"28":{"line":317,"type":"if","locations":[{"start":{"line":317,"column":12},"end":{"line":317,"column":12},"skip":true},{"start":{"line":317,"column":12},"end":{"line":317,"column":12},"skip":true}]}},"code":["/*","example.js","","quickstart example","","instruction","    1. save this script as example.js","    2. run the shell command:","        $ npm install npmtest-homebridge-cmdswitch2 && PORT=8081 node example.js","    3. play with the browser-demo on http://127.0.0.1:8081","*/","","","","/* istanbul instrument in package npmtest_homebridge_cmdswitch2 */","/*jslint","    bitwise: true,","    browser: true,","    maxerr: 8,","    maxlen: 96,","    node: true,","    nomen: true,","    regexp: true,","    stupid: true","*/","(function () {","    'use strict';","    var local;","","","","    // run shared js-env code - pre-init","    (function () {","        // init local","        local = {};","        // init modeJs","        local.modeJs = (function () {","            try {","                return typeof navigator.userAgent === 'string' &&","                    typeof document.querySelector('body') === 'object' &&","                    typeof XMLHttpRequest.prototype.open === 'function' &&","                    'browser';","            } catch (errorCaughtBrowser) {","                return module.exports &&","                    typeof process.versions.node === 'string' &&","                    typeof require('http').createServer === 'function' &&","                    'node';","            }","        }());","        // init global","        local.global = local.modeJs === 'browser'","            ? window","            : global;","        // init utility2_rollup","        local = local.global.utility2_rollup || (local.modeJs === 'browser'","            ? local.global.utility2_npmtest_homebridge_cmdswitch2","            : global.utility2_moduleExports);","        // export local","        local.global.local = local;","    }());","    switch (local.modeJs) {","","","","    // post-init","    // run browser js-env code - post-init","    /* istanbul ignore next */","    case 'browser':","        local.testRunBrowser = function (event) {","            if (!event || (event &&","                    event.currentTarget &&","                    event.currentTarget.className &&","                    event.currentTarget.className.includes &&","                    event.currentTarget.className.includes('onreset'))) {","                // reset output","                Array.from(","                    document.querySelectorAll('body > .resettable')","                ).forEach(function (element) {","                    switch (element.tagName) {","                    case 'INPUT':","                    case 'TEXTAREA':","                        element.value = '';","                        break;","                    default:","                        element.textContent = '';","                    }","                });","            }","            switch (event && event.currentTarget && event.currentTarget.id) {","            case 'testRunButton1':","                // show tests","                if (document.querySelector('#testReportDiv1').style.display === 'none') {","                    document.querySelector('#testReportDiv1').style.display = 'block';","                    document.querySelector('#testRunButton1').textContent =","                        'hide internal test';","                    local.modeTest = true;","                    local.testRunDefault(local);","                // hide tests","                } else {","                    document.querySelector('#testReportDiv1').style.display = 'none';","                    document.querySelector('#testRunButton1').textContent = 'run internal test';","                }","                break;","            // custom-case","            default:","                break;","            }","            if (document.querySelector('#inputTextareaEval1') && (!event || (event &&","                    event.currentTarget &&","                    event.currentTarget.className &&","                    event.currentTarget.className.includes &&","                    event.currentTarget.className.includes('oneval')))) {","                // try to eval input-code","                try {","                    /*jslint evil: true*/","                    eval(document.querySelector('#inputTextareaEval1').value);","                } catch (errorCaught) {","                    console.error(errorCaught);","                }","            }","        };","        // log stderr and stdout to #outputTextareaStdout1","        ['error', 'log'].forEach(function (key) {","            console[key + '_original'] = console[key];","            console[key] = function () {","                var element;","                console[key + '_original'].apply(console, arguments);","                element = document.querySelector('#outputTextareaStdout1');","                if (!element) {","                    return;","                }","                // append text to #outputTextareaStdout1","                element.value += Array.from(arguments).map(function (arg) {","                    return typeof arg === 'string'","                        ? arg","                        : JSON.stringify(arg, null, 4);","                }).join(' ') + '\\n';","                // scroll textarea to bottom","                element.scrollTop = element.scrollHeight;","            };","        });","        // init event-handling","        ['change', 'click', 'keyup'].forEach(function (event) {","            Array.from(document.querySelectorAll('.on' + event)).forEach(function (element) {","                element.addEventListener(event, local.testRunBrowser);","            });","        });","        // run tests","        local.testRunBrowser();","        break;","","","","    // run node js-env code - post-init","    /* istanbul ignore next */","    case 'node':","        // export local","        module.exports = local;","        // require modules","        local.fs = require('fs');","        local.http = require('http');","        local.url = require('url');","        // init assets","        local.assetsDict = local.assetsDict || {};","        /* jslint-ignore-begin */","        local.assetsDict['/assets.index.template.html'] = '\\","<!doctype html>\\n\\","<html lang=\"en\">\\n\\","<head>\\n\\","<meta charset=\"UTF-8\">\\n\\","<meta name=\"viewport\" content=\"width=device-width, initial-scale=1\">\\n\\","<title>{{env.npm_package_name}} (v{{env.npm_package_version}})</title>\\n\\","<style>\\n\\","/*csslint\\n\\","    box-sizing: false,\\n\\","    universal-selector: false\\n\\","*/\\n\\","* {\\n\\","    box-sizing: border-box;\\n\\","}\\n\\","body {\\n\\","    background: #dde;\\n\\","    font-family: Arial, Helvetica, sans-serif;\\n\\","    margin: 2rem;\\n\\","}\\n\\","body > * {\\n\\","    margin-bottom: 1rem;\\n\\","}\\n\\",".utility2FooterDiv {\\n\\","    margin-top: 20px;\\n\\","    text-align: center;\\n\\","}\\n\\","</style>\\n\\","<style>\\n\\","/*csslint\\n\\","*/\\n\\","textarea {\\n\\","    font-family: monospace;\\n\\","    height: 10rem;\\n\\","    width: 100%;\\n\\","}\\n\\","textarea[readonly] {\\n\\","    background: #ddd;\\n\\","}\\n\\","</style>\\n\\","</head>\\n\\","<body>\\n\\","<!-- utility2-comment\\n\\","<div id=\"ajaxProgressDiv1\" style=\"background: #d00; height: 2px; left: 0; margin: 0; padding: 0; position: fixed; top: 0; transition: background 0.5s, width 1.5s; width: 25%;\"></div>\\n\\","utility2-comment -->\\n\\","<h1>\\n\\","<!-- utility2-comment\\n\\","    <a\\n\\","        {{#if env.npm_package_homepage}}\\n\\","        href=\"{{env.npm_package_homepage}}\"\\n\\","        {{/if env.npm_package_homepage}}\\n\\","        target=\"_blank\"\\n\\","    >\\n\\","utility2-comment -->\\n\\","        {{env.npm_package_name}} (v{{env.npm_package_version}})\\n\\","<!-- utility2-comment\\n\\","    </a>\\n\\","utility2-comment -->\\n\\","</h1>\\n\\","<h3>{{env.npm_package_description}}</h3>\\n\\","<!-- utility2-comment\\n\\","<h4><a download href=\"assets.app.js\">download standalone app</a></h4>\\n\\","<button class=\"onclick onreset\" id=\"testRunButton1\">run internal test</button><br>\\n\\","<div id=\"testReportDiv1\" style=\"display: none;\"></div>\\n\\","utility2-comment -->\\n\\","\\n\\","\\n\\","\\n\\","<label>stderr and stdout</label>\\n\\","<textarea class=\"resettable\" id=\"outputTextareaStdout1\" readonly></textarea>\\n\\","<!-- utility2-comment\\n\\","{{#if isRollup}}\\n\\","<script src=\"assets.app.js\"></script>\\n\\","{{#unless isRollup}}\\n\\","utility2-comment -->\\n\\","<script src=\"assets.utility2.rollup.js\"></script>\\n\\","<script src=\"jsonp.utility2._stateInit?callback=window.utility2._stateInit\"></script>\\n\\","<script src=\"assets.npmtest_homebridge_cmdswitch2.rollup.js\"></script>\\n\\","<script src=\"assets.example.js\"></script>\\n\\","<script src=\"assets.test.js\"></script>\\n\\","<!-- utility2-comment\\n\\","{{/if isRollup}}\\n\\","utility2-comment -->\\n\\","<div class=\"utility2FooterDiv\">\\n\\","    [ this app was created with\\n\\","    <a href=\"https://github.com/kaizhu256/node-utility2\" target=\"_blank\">utility2</a>\\n\\","    ]\\n\\","</div>\\n\\","</body>\\n\\","</html>\\n\\","';","        /* jslint-ignore-end */","        if (local.templateRender) {","            local.assetsDict['/'] = local.templateRender(","                local.assetsDict['/assets.index.template.html'],","                {","                    env: local.objectSetDefault(local.env, {","                        npm_package_description: 'the greatest app in the world!',","                        npm_package_name: 'my-app',","                        npm_package_nameAlias: 'my_app',","                        npm_package_version: '0.0.1'","                    })","                }","            );","        } else {","            local.assetsDict['/'] = local.assetsDict['/assets.index.template.html']","                .replace((/\\{\\{env\\.(\\w+?)\\}\\}/g), function (match0, match1) {","                    // jslint-hack","                    String(match0);","                    switch (match1) {","                    case 'npm_package_description':","                        return 'the greatest app in the world!';","                    case 'npm_package_name':","                        return 'my-app';","                    case 'npm_package_nameAlias':","                        return 'my_app';","                    case 'npm_package_version':","                        return '0.0.1';","                    }","                });","        }","        // run the cli","        if (local.global.utility2_rollup || module !== require.main) {","            break;","        }","        local.assetsDict['/assets.example.js'] =","            local.assetsDict['/assets.example.js'] ||","            local.fs.readFileSync(__filename, 'utf8');","        // bug-workaround - long $npm_package_buildCustomOrg","        /* jslint-ignore-begin */","        local.assetsDict['/assets.npmtest_homebridge_cmdswitch2.rollup.js'] =","            local.assetsDict['/assets.npmtest_homebridge_cmdswitch2.rollup.js'] ||","            local.fs.readFileSync(","                local.npmtest_homebridge_cmdswitch2.__dirname + '/lib.npmtest_homebridge_cmdswitch2.js',","                'utf8'","            ).replace((/^#!/), '//');","        /* jslint-ignore-end */","        local.assetsDict['/favicon.ico'] = local.assetsDict['/favicon.ico'] || '';","        // if $npm_config_timeout_exit exists,","        // then exit this process after $npm_config_timeout_exit ms","        if (Number(process.env.npm_config_timeout_exit)) {","            setTimeout(process.exit, Number(process.env.npm_config_timeout_exit));","        }","        // start server","        if (local.global.utility2_serverHttp1) {","            break;","        }","        process.env.PORT = process.env.PORT || '8081';","        console.error('server starting on port ' + process.env.PORT);","        local.http.createServer(function (request, response) {","            request.urlParsed = local.url.parse(request.url);","            if (local.assetsDict[request.urlParsed.pathname] !== undefined) {","                response.end(local.assetsDict[request.urlParsed.pathname]);","                return;","            }","            response.statusCode = 404;","            response.end();","        }).listen(process.env.PORT);","        break;","    }","}());",""],"l":{"26":2,"28":2,"33":2,"35":2,"37":2,"38":2,"39":2,"44":1,"51":2,"55":2,"59":2,"61":2,"69":1,"70":2,"76":2,"79":2,"82":2,"83":2,"85":1,"89":2,"92":1,"93":1,"94":1,"96":1,"97":1,"100":1,"101":1,"103":1,"106":1,"108":2,"114":1,"116":1,"118":1,"123":1,"124":2,"125":2,"126":3,"127":3,"128":3,"129":3,"130":1,"133":3,"134":3,"139":3,"143":1,"144":3,"145":1,"149":1,"150":1,"158":1,"160":1,"161":1,"162":1,"164":1,"166":1,"258":1,"259":1,"271":1,"274":6,"275":6,"277":1,"279":2,"281":1,"283":2,"288":1,"289":1,"291":1,"296":1,"303":1,"306":1,"307":1,"310":1,"311":1,"313":1,"314":1,"315":1,"316":1,"317":1,"318":1,"319":1,"321":1,"322":1,"324":1}},"/home/travis/build/npmtest/node-npmtest-homebridge-cmdswitch2/node_modules/homebridge-cmdswitch2/index.js":{"path":"/home/travis/build/npmtest/node-npmtest-homebridge-cmdswitch2/node_modules/homebridge-cmdswitch2/index.js","s":{"1":1,"2":1,"3":1,"4":0,"5":0,"6":0,"7":0,"8":0,"9":1,"10":0,"11":0,"12":0,"13":0,"14":0,"15":0,"16":0,"17":0,"18":1,"19":0,"20":0,"21":1,"22":0,"23":0,"24":0,"25":0,"26":0,"27":0,"28":1,"29":0,"30":0,"31":0,"32":0,"33":0,"34":0,"35":0,"36":0,"37":0,"38":0,"39":0,"40":0,"41":0,"42":0,"43":0,"44":0,"45":0,"46":0,"47":0,"48":0,"49":0,"50":0,"51":0,"52":0,"53":0,"54":0,"55":0,"56":0,"57":0,"58":0,"59":0,"60":0,"61":0,"62":0,"63":0,"64":1,"65":0,"66":0,"67":0,"68":0,"69":0,"70":1,"71":0,"72":0,"73":1,"74":0,"75":0,"76":0,"77":0,"78":0,"79":0,"80":0,"81":1,"82":0,"83":0,"84":0,"85":0,"86":0,"87":0,"88":0,"89":1,"90":0,"91":0,"92":0,"93":0,"94":0,"95":0,"96":0,"97":0,"98":1,"99":0,"100":0,"101":0,"102":0,"103":0,"104":0,"105":0,"106":0,"107":0,"108":0,"109":1,"110":0,"111":0,"112":0,"113":0,"114":0,"115":0,"116":0,"117":0,"118":0,"119":0,"120":0,"121":0,"122":0,"123":0,"124":0,"125":0,"126":0,"127":0,"128":0,"129":0,"130":0,"131":0,"132":1,"133":0,"134":0,"135":1,"136":0,"137":0,"138":0,"139":0,"140":0,"141":0,"142":0,"143":0,"144":0,"145":0,"146":0,"147":0,"148":0,"149":0,"150":0,"151":0,"152":0,"153":0,"154":0,"155":0,"156":0,"157":0,"158":0,"159":0,"160":0,"161":0,"162":0,"163":0,"164":0,"165":0,"166":0,"167":0,"168":0,"169":0,"170":0,"171":0,"172":0,"173":0,"174":0,"175":0,"176":0,"177":0,"178":0,"179":0,"180":0,"181":0,"182":0,"183":0,"184":0,"185":0,"186":0,"187":0,"188":0,"189":0,"190":0,"191":0,"192":0,"193":0,"194":0,"195":0,"196":0,"197":0,"198":0,"199":0,"200":0,"201":0,"202":0,"203":0,"204":0,"205":0,"206":0,"207":0,"208":0,"209":0,"210":0,"211":0,"212":0,"213":0,"214":0,"215":0,"216":0,"217":0,"218":0,"219":0,"220":0},"b":{"1":[0,0],"2":[0,0],"3":[0,0],"4":[0,0],"5":[0,0],"6":[0,0],"7":[0,0],"8":[0,0],"9":[0,0],"10":[0,0],"11":[0,0],"12":[0,0],"13":[0,0],"14":[0,0],"15":[0,0],"16":[0,0],"17":[0,0],"18":[0,0],"19":[0,0],"20":[0,0],"21":[0,0],"22":[0,0],"23":[0,0],"24":[0,0],"25":[0,0],"26":[0,0],"27":[0,0],"28":[0,0],"29":[0,0],"30":[0,0],"31":[0,0],"32":[0,0],"33":[0,0],"34":[0,0],"35":[0,0],"36":[0,0],"37":[0,0],"38":[0,0],"39":[0,0],"40":[0,0],"41":[0,0],"42":[0,0],"43":[0,0,0,0,0,0],"44":[0,0],"45":[0,0],"46":[0,0],"47":[0,0],"48":[0,0],"49":[0,0],"50":[0,0],"51":[0,0],"52":[0,0],"53":[0,0],"54":[0,0],"55":[0,0],"56":[0,0],"57":[0,0],"58":[0,0],"59":[0,0],"60":[0,0],"61":[0,0],"62":[0,0],"63":[0,0],"64":[0,0]},"f":{"1":0,"2":0,"3":0,"4":0,"5":0,"6":0,"7":0,"8":0,"9":0,"10":0,"11":0,"12":0,"13":0,"14":0,"15":0,"16":0,"17":0,"18":0,"19":0,"20":0,"21":0},"fnMap":{"1":{"name":"(anonymous_1)","line":4,"loc":{"start":{"line":4,"column":17},"end":{"line":4,"column":39}}},"2":{"name":"cmdSwitchPlatform","line":13,"loc":{"start":{"line":13,"column":0},"end":{"line":13,"column":45}}},"3":{"name":"(anonymous_3)","line":28,"loc":{"start":{"line":28,"column":49},"end":{"line":28,"column":70}}},"4":{"name":"(anonymous_4)","line":34,"loc":{"start":{"line":34,"column":49},"end":{"line":34,"column":61}}},"5":{"name":"(anonymous_5)","line":46,"loc":{"start":{"line":46,"column":43},"end":{"line":46,"column":59}}},"6":{"name":"(anonymous_6)","line":104,"loc":{"start":{"line":104,"column":46},"end":{"line":104,"column":67}}},"7":{"name":"(anonymous_7)","line":114,"loc":{"start":{"line":114,"column":41},"end":{"line":114,"column":62}}},"8":{"name":"(anonymous_8)","line":124,"loc":{"start":{"line":124,"column":43},"end":{"line":124,"column":64}}},"9":{"name":"(anonymous_9)","line":147,"loc":{"start":{"line":147,"column":39},"end":{"line":147,"column":71}}},"10":{"name":"(anonymous_10)","line":151,"loc":{"start":{"line":151,"column":29},"end":{"line":151,"column":62}}},"11":{"name":"(anonymous_11)","line":165,"loc":{"start":{"line":165,"column":43},"end":{"line":165,"column":59}}},"12":{"name":"(anonymous_12)","line":172,"loc":{"start":{"line":172,"column":28},"end":{"line":172,"column":52}}},"13":{"name":"(anonymous_13)","line":187,"loc":{"start":{"line":187,"column":44},"end":{"line":187,"column":76}}},"14":{"name":"(anonymous_14)","line":196,"loc":{"start":{"line":196,"column":30},"end":{"line":196,"column":54}}},"15":{"name":"(anonymous_15)","line":206,"loc":{"start":{"line":206,"column":44},"end":{"line":206,"column":83}}},"16":{"name":"(anonymous_16)","line":214,"loc":{"start":{"line":214,"column":12},"end":{"line":214,"column":45}}},"17":{"name":"(anonymous_17)","line":227,"loc":{"start":{"line":227,"column":17},"end":{"line":227,"column":29}}},"18":{"name":"(anonymous_18)","line":240,"loc":{"start":{"line":240,"column":20},"end":{"line":240,"column":32}}},"19":{"name":"(anonymous_19)","line":248,"loc":{"start":{"line":248,"column":39},"end":{"line":248,"column":79}}},"20":{"name":"(anonymous_20)","line":254,"loc":{"start":{"line":254,"column":58},"end":{"line":254,"column":96}}},"21":{"name":"(anonymous_21)","line":474,"loc":{"start":{"line":474,"column":60},"end":{"line":474,"column":73}}}},"statementMap":{"1":{"start":{"line":1,"column":0},"end":{"line":1,"column":41}},"2":{"start":{"line":2,"column":0},"end":{"line":2,"column":48}},"3":{"start":{"line":4,"column":0},"end":{"line":11,"column":1}},"4":{"start":{"line":5,"column":2},"end":{"line":5,"column":43}},"5":{"start":{"line":6,"column":2},"end":{"line":6,"column":35}},"6":{"start":{"line":7,"column":2},"end":{"line":7,"column":49}},"7":{"start":{"line":8,"column":2},"end":{"line":8,"column":32}},"8":{"start":{"line":10,"column":2},"end":{"line":10,"column":94}},"9":{"start":{"line":13,"column":0},"end":{"line":25,"column":1}},"10":{"start":{"line":14,"column":2},"end":{"line":14,"column":17}},"11":{"start":{"line":15,"column":2},"end":{"line":15,"column":53}},"12":{"start":{"line":16,"column":2},"end":{"line":16,"column":45}},"13":{"start":{"line":18,"column":2},"end":{"line":18,"column":24}},"14":{"start":{"line":19,"column":2},"end":{"line":19,"column":20}},"15":{"start":{"line":21,"column":2},"end":{"line":24,"column":3}},"16":{"start":{"line":22,"column":4},"end":{"line":22,"column":19}},"17":{"start":{"line":23,"column":4},"end":{"line":23,"column":74}},"18":{"start":{"line":28,"column":0},"end":{"line":31,"column":1}},"19":{"start":{"line":29,"column":2},"end":{"line":29,"column":29}},"20":{"start":{"line":30,"column":2},"end":{"line":30,"column":55}},"21":{"start":{"line":34,"column":0},"end":{"line":43,"column":1}},"22":{"start":{"line":36,"column":2},"end":{"line":36,"column":67}},"23":{"start":{"line":36,"column":31},"end":{"line":36,"column":67}},"24":{"start":{"line":39,"column":2},"end":{"line":42,"column":3}},"25":{"start":{"line":40,"column":4},"end":{"line":40,"column":43}},"26":{"start":{"line":41,"column":4},"end":{"line":41,"column":62}},"27":{"start":{"line":41,"column":30},"end":{"line":41,"column":62}},"28":{"start":{"line":46,"column":0},"end":{"line":101,"column":1}},"29":{"start":{"line":47,"column":2},"end":{"line":47,"column":69}},"30":{"start":{"line":50,"column":2},"end":{"line":50,"column":46}},"31":{"start":{"line":52,"column":2},"end":{"line":71,"column":3}},"32":{"start":{"line":54,"column":4},"end":{"line":54,"column":43}},"33":{"start":{"line":55,"column":4},"end":{"line":55,"column":50}},"34":{"start":{"line":58,"column":4},"end":{"line":58,"column":52}},"35":{"start":{"line":61,"column":4},"end":{"line":61,"column":31}},"36":{"start":{"line":64,"column":4},"end":{"line":64,"column":31}},"37":{"start":{"line":67,"column":4},"end":{"line":67,"column":93}},"38":{"start":{"line":70,"column":4},"end":{"line":70,"column":44}},"39":{"start":{"line":74,"column":2},"end":{"line":74,"column":39}},"40":{"start":{"line":75,"column":2},"end":{"line":75,"column":51}},"41":{"start":{"line":76,"column":2},"end":{"line":76,"column":74}},"42":{"start":{"line":76,"column":25},"end":{"line":76,"column":74}},"43":{"start":{"line":77,"column":2},"end":{"line":77,"column":53}},"44":{"start":{"line":77,"column":18},"end":{"line":77,"column":53}},"45":{"start":{"line":78,"column":2},"end":{"line":78,"column":56}},"46":{"start":{"line":78,"column":19},"end":{"line":78,"column":56}},"47":{"start":{"line":81,"column":2},"end":{"line":81,"column":32}},"48":{"start":{"line":82,"column":2},"end":{"line":82,"column":25}},"49":{"start":{"line":83,"column":2},"end":{"line":83,"column":29}},"50":{"start":{"line":84,"column":2},"end":{"line":84,"column":31}},"51":{"start":{"line":85,"column":2},"end":{"line":85,"column":35}},"52":{"start":{"line":86,"column":2},"end":{"line":86,"column":31}},"53":{"start":{"line":87,"column":2},"end":{"line":87,"column":33}},"54":{"start":{"line":88,"column":2},"end":{"line":88,"column":41}},"55":{"start":{"line":89,"column":2},"end":{"line":89,"column":27}},"56":{"start":{"line":90,"column":2},"end":{"line":90,"column":29}},"57":{"start":{"line":91,"column":2},"end":{"line":94,"column":3}},"58":{"start":{"line":92,"column":4},"end":{"line":92,"column":24}},"59":{"start":{"line":93,"column":4},"end":{"line":93,"column":57}},"60":{"start":{"line":93,"column":38},"end":{"line":93,"column":57}},"61":{"start":{"line":97,"column":2},"end":{"line":97,"column":31}},"62":{"start":{"line":100,"column":2},"end":{"line":100,"column":67}},"63":{"start":{"line":100,"column":38},"end":{"line":100,"column":67}},"64":{"start":{"line":104,"column":0},"end":{"line":111,"column":1}},"65":{"start":{"line":105,"column":2},"end":{"line":110,"column":3}},"66":{"start":{"line":106,"column":4},"end":{"line":106,"column":38}},"67":{"start":{"line":107,"column":4},"end":{"line":107,"column":52}},"68":{"start":{"line":108,"column":4},"end":{"line":108,"column":95}},"69":{"start":{"line":109,"column":4},"end":{"line":109,"column":34}},"70":{"start":{"line":114,"column":0},"end":{"line":121,"column":1}},"71":{"start":{"line":115,"column":2},"end":{"line":118,"column":65}},"72":{"start":{"line":120,"column":2},"end":{"line":120,"column":72}},"73":{"start":{"line":124,"column":0},"end":{"line":144,"column":1}},"74":{"start":{"line":125,"column":2},"end":{"line":125,"column":78}},"75":{"start":{"line":126,"column":2},"end":{"line":126,"column":57}},"76":{"start":{"line":127,"column":2},"end":{"line":127,"column":66}},"77":{"start":{"line":130,"column":2},"end":{"line":133,"column":60}},"78":{"start":{"line":136,"column":2},"end":{"line":140,"column":3}},"79":{"start":{"line":137,"column":4},"end":{"line":139,"column":18}},"80":{"start":{"line":143,"column":2},"end":{"line":143,"column":37}},"81":{"start":{"line":147,"column":0},"end":{"line":162,"column":1}},"82":{"start":{"line":148,"column":2},"end":{"line":148,"column":18}},"83":{"start":{"line":151,"column":2},"end":{"line":161,"column":5}},"84":{"start":{"line":152,"column":4},"end":{"line":152,"column":37}},"85":{"start":{"line":155,"column":4},"end":{"line":158,"column":5}},"86":{"start":{"line":156,"column":6},"end":{"line":156,"column":69}},"87":{"start":{"line":157,"column":6},"end":{"line":157,"column":23}},"88":{"start":{"line":160,"column":4},"end":{"line":160,"column":28}},"89":{"start":{"line":165,"column":0},"end":{"line":184,"column":1}},"90":{"start":{"line":166,"column":2},"end":{"line":166,"column":41}},"91":{"start":{"line":167,"column":2},"end":{"line":167,"column":37}},"92":{"start":{"line":170,"column":2},"end":{"line":170,"column":35}},"93":{"start":{"line":172,"column":2},"end":{"line":180,"column":5}},"94":{"start":{"line":174,"column":4},"end":{"line":179,"column":5}},"95":{"start":{"line":175,"column":6},"end":{"line":175,"column":31}},"96":{"start":{"line":176,"column":6},"end":{"line":178,"column":20}},"97":{"start":{"line":183,"column":2},"end":{"line":183,"column":98}},"98":{"start":{"line":187,"column":0},"end":{"line":203,"column":1}},"99":{"start":{"line":188,"column":2},"end":{"line":188,"column":18}},"100":{"start":{"line":190,"column":2},"end":{"line":202,"column":3}},"101":{"start":{"line":192,"column":4},"end":{"line":192,"column":77}},"102":{"start":{"line":193,"column":4},"end":{"line":193,"column":37}},"103":{"start":{"line":196,"column":4},"end":{"line":201,"column":7}},"104":{"start":{"line":198,"column":6},"end":{"line":198,"column":57}},"105":{"start":{"line":198,"column":32},"end":{"line":198,"column":57}},"106":{"start":{"line":199,"column":6},"end":{"line":199,"column":91}},"107":{"start":{"line":199,"column":18},"end":{"line":199,"column":91}},"108":{"start":{"line":200,"column":6},"end":{"line":200,"column":40}},"109":{"start":{"line":206,"column":0},"end":{"line":245,"column":1}},"110":{"start":{"line":207,"column":2},"end":{"line":207,"column":18}},"111":{"start":{"line":209,"column":2},"end":{"line":209,"column":59}},"112":{"start":{"line":210,"column":2},"end":{"line":210,"column":62}},"113":{"start":{"line":211,"column":2},"end":{"line":211,"column":18}},"114":{"start":{"line":214,"column":2},"end":{"line":237,"column":5}},"115":{"start":{"line":216,"column":4},"end":{"line":223,"column":5}},"116":{"start":{"line":217,"column":6},"end":{"line":217,"column":79}},"117":{"start":{"line":218,"column":6},"end":{"line":218,"column":23}},"118":{"start":{"line":220,"column":6},"end":{"line":220,"column":84}},"119":{"start":{"line":220,"column":15},"end":{"line":220,"column":84}},"120":{"start":{"line":221,"column":6},"end":{"line":221,"column":31}},"121":{"start":{"line":222,"column":6},"end":{"line":222,"column":19}},"122":{"start":{"line":226,"column":4},"end":{"line":231,"column":5}},"123":{"start":{"line":227,"column":6},"end":{"line":230,"column":15}},"124":{"start":{"line":228,"column":8},"end":{"line":229,"column":56}},"125":{"start":{"line":233,"column":4},"end":{"line":236,"column":5}},"126":{"start":{"line":234,"column":6},"end":{"line":234,"column":25}},"127":{"start":{"line":235,"column":6},"end":{"line":235,"column":22}},"128":{"start":{"line":240,"column":2},"end":{"line":244,"column":11}},"129":{"start":{"line":241,"column":4},"end":{"line":241,"column":16}},"130":{"start":{"line":242,"column":4},"end":{"line":242,"column":109}},"131":{"start":{"line":243,"column":4},"end":{"line":243,"column":15}},"132":{"start":{"line":248,"column":0},"end":{"line":251,"column":1}},"133":{"start":{"line":249,"column":2},"end":{"line":249,"column":53}},"134":{"start":{"line":250,"column":2},"end":{"line":250,"column":13}},"135":{"start":{"line":254,"column":0},"end":{"line":495,"column":1}},"136":{"start":{"line":255,"column":2},"end":{"line":257,"column":3}},"137":{"start":{"line":256,"column":4},"end":{"line":256,"column":11}},"138":{"start":{"line":260,"column":2},"end":{"line":494,"column":3}},"139":{"start":{"line":261,"column":4},"end":{"line":267,"column":5}},"140":{"start":{"line":269,"column":4},"end":{"line":269,"column":21}},"141":{"start":{"line":270,"column":4},"end":{"line":270,"column":30}},"142":{"start":{"line":272,"column":4},"end":{"line":493,"column":5}},"143":{"start":{"line":275,"column":8},"end":{"line":284,"column":9}},"144":{"start":{"line":286,"column":8},"end":{"line":286,"column":25}},"145":{"start":{"line":287,"column":8},"end":{"line":287,"column":27}},"146":{"start":{"line":288,"column":8},"end":{"line":288,"column":14}},"147":{"start":{"line":290,"column":8},"end":{"line":290,"column":55}},"148":{"start":{"line":291,"column":8},"end":{"line":342,"column":9}},"149":{"start":{"line":293,"column":10},"end":{"line":302,"column":12}},"150":{"start":{"line":304,"column":10},"end":{"line":304,"column":32}},"151":{"start":{"line":305,"column":10},"end":{"line":305,"column":27}},"152":{"start":{"line":306,"column":10},"end":{"line":306,"column":29}},"153":{"start":{"line":308,"column":10},"end":{"line":308,"column":52}},"154":{"start":{"line":310,"column":10},"end":{"line":340,"column":11}},"155":{"start":{"line":312,"column":12},"end":{"line":319,"column":13}},"156":{"start":{"line":313,"column":14},"end":{"line":313,"column":64}},"157":{"start":{"line":314,"column":14},"end":{"line":314,"column":36}},"158":{"start":{"line":315,"column":14},"end":{"line":315,"column":31}},"159":{"start":{"line":317,"column":14},"end":{"line":317,"column":64}},"160":{"start":{"line":318,"column":14},"end":{"line":318,"column":31}},"161":{"start":{"line":321,"column":12},"end":{"line":326,"column":14}},"162":{"start":{"line":328,"column":12},"end":{"line":328,"column":33}},"163":{"start":{"line":331,"column":12},"end":{"line":337,"column":14}},"164":{"start":{"line":339,"column":12},"end":{"line":339,"column":29}},"165":{"start":{"line":341,"column":10},"end":{"line":341,"column":29}},"166":{"start":{"line":343,"column":8},"end":{"line":343,"column":14}},"167":{"start":{"line":345,"column":8},"end":{"line":350,"column":9}},"168":{"start":{"line":346,"column":10},"end":{"line":346,"column":45}},"169":{"start":{"line":347,"column":15},"end":{"line":350,"column":9}},"170":{"start":{"line":348,"column":10},"end":{"line":348,"column":71}},"171":{"start":{"line":349,"column":10},"end":{"line":349,"column":57}},"172":{"start":{"line":352,"column":8},"end":{"line":406,"column":9}},"173":{"start":{"line":354,"column":10},"end":{"line":391,"column":12}},"174":{"start":{"line":393,"column":10},"end":{"line":393,"column":35}},"175":{"start":{"line":394,"column":10},"end":{"line":394,"column":27}},"176":{"start":{"line":397,"column":10},"end":{"line":403,"column":12}},"177":{"start":{"line":405,"column":10},"end":{"line":405,"column":27}},"178":{"start":{"line":408,"column":8},"end":{"line":408,"column":28}},"179":{"start":{"line":409,"column":8},"end":{"line":409,"column":33}},"180":{"start":{"line":410,"column":8},"end":{"line":410,"column":27}},"181":{"start":{"line":411,"column":8},"end":{"line":411,"column":14}},"182":{"start":{"line":413,"column":8},"end":{"line":413,"column":49}},"183":{"start":{"line":414,"column":8},"end":{"line":414,"column":27}},"184":{"start":{"line":417,"column":8},"end":{"line":419,"column":9}},"185":{"start":{"line":418,"column":10},"end":{"line":418,"column":89}},"186":{"start":{"line":422,"column":8},"end":{"line":422,"column":38}},"187":{"start":{"line":423,"column":8},"end":{"line":423,"column":65}},"188":{"start":{"line":424,"column":8},"end":{"line":424,"column":68}},"189":{"start":{"line":425,"column":8},"end":{"line":425,"column":74}},"190":{"start":{"line":426,"column":8},"end":{"line":430,"column":9}},"191":{"start":{"line":427,"column":10},"end":{"line":427,"column":35}},"192":{"start":{"line":428,"column":15},"end":{"line":430,"column":9}},"193":{"start":{"line":429,"column":10},"end":{"line":429,"column":36}},"194":{"start":{"line":431,"column":8},"end":{"line":431,"column":71}},"195":{"start":{"line":432,"column":8},"end":{"line":432,"column":57}},"196":{"start":{"line":433,"column":8},"end":{"line":433,"column":43}},"197":{"start":{"line":434,"column":8},"end":{"line":434,"column":45}},"198":{"start":{"line":437,"column":8},"end":{"line":437,"column":37}},"199":{"start":{"line":438,"column":8},"end":{"line":444,"column":10}},"200":{"start":{"line":446,"column":8},"end":{"line":446,"column":25}},"201":{"start":{"line":447,"column":8},"end":{"line":447,"column":27}},"202":{"start":{"line":448,"column":8},"end":{"line":448,"column":14}},"203":{"start":{"line":451,"column":8},"end":{"line":451,"column":69}},"204":{"start":{"line":452,"column":8},"end":{"line":452,"column":52}},"205":{"start":{"line":454,"column":8},"end":{"line":454,"column":40}},"206":{"start":{"line":455,"column":8},"end":{"line":461,"column":10}},"207":{"start":{"line":463,"column":8},"end":{"line":463,"column":28}},"208":{"start":{"line":464,"column":8},"end":{"line":464,"column":25}},"209":{"start":{"line":465,"column":8},"end":{"line":465,"column":27}},"210":{"start":{"line":466,"column":8},"end":{"line":466,"column":14}},"211":{"start":{"line":469,"column":8},"end":{"line":469,"column":24}},"212":{"start":{"line":470,"column":8},"end":{"line":470,"column":28}},"213":{"start":{"line":471,"column":8},"end":{"line":471,"column":36}},"214":{"start":{"line":474,"column":8},"end":{"line":488,"column":11}},"215":{"start":{"line":475,"column":10},"end":{"line":475,"column":46}},"216":{"start":{"line":476,"column":10},"end":{"line":486,"column":12}},"217":{"start":{"line":487,"column":10},"end":{"line":487,"column":22}},"218":{"start":{"line":490,"column":8},"end":{"line":490,"column":41}},"219":{"start":{"line":491,"column":8},"end":{"line":491,"column":52}},"220":{"start":{"line":492,"column":8},"end":{"line":492,"column":14}}},"branchMap":{"1":{"line":15,"type":"binary-expr","locations":[{"start":{"line":15,"column":16},"end":{"line":15,"column":22}},{"start":{"line":15,"column":26},"end":{"line":15,"column":52}}]},"2":{"line":16,"type":"binary-expr","locations":[{"start":{"line":16,"column":18},"end":{"line":16,"column":38}},{"start":{"line":16,"column":42},"end":{"line":16,"column":44}}]},"3":{"line":21,"type":"if","locations":[{"start":{"line":21,"column":2},"end":{"line":21,"column":2}},{"start":{"line":21,"column":2},"end":{"line":21,"column":2}}]},"4":{"line":41,"type":"if","locations":[{"start":{"line":41,"column":4},"end":{"line":41,"column":4}},{"start":{"line":41,"column":4},"end":{"line":41,"column":4}}]},"5":{"line":52,"type":"if","locations":[{"start":{"line":52,"column":2},"end":{"line":52,"column":2}},{"start":{"line":52,"column":2},"end":{"line":52,"column":2}}]},"6":{"line":75,"type":"binary-expr","locations":[{"start":{"line":75,"column":18},"end":{"line":75,"column":45}},{"start":{"line":75,"column":49},"end":{"line":75,"column":50}}]},"7":{"line":76,"type":"if","locations":[{"start":{"line":76,"column":2},"end":{"line":76,"column":2}},{"start":{"line":76,"column":2},"end":{"line":76,"column":2}}]},"8":{"line":77,"type":"if","locations":[{"start":{"line":77,"column":2},"end":{"line":77,"column":2}},{"start":{"line":77,"column":2},"end":{"line":77,"column":2}}]},"9":{"line":78,"type":"if","locations":[{"start":{"line":78,"column":2},"end":{"line":78,"column":2}},{"start":{"line":78,"column":2},"end":{"line":78,"column":2}}]},"10":{"line":91,"type":"if","locations":[{"start":{"line":91,"column":2},"end":{"line":91,"column":2}},{"start":{"line":91,"column":2},"end":{"line":91,"column":2}}]},"11":{"line":93,"type":"if","locations":[{"start":{"line":93,"column":4},"end":{"line":93,"column":4}},{"start":{"line":93,"column":4},"end":{"line":93,"column":4}}]},"12":{"line":93,"type":"binary-expr","locations":[{"start":{"line":93,"column":8},"end":{"line":93,"column":20}},{"start":{"line":93,"column":24},"end":{"line":93,"column":36}}]},"13":{"line":100,"type":"if","locations":[{"start":{"line":100,"column":2},"end":{"line":100,"column":2}},{"start":{"line":100,"column":2},"end":{"line":100,"column":2}}]},"14":{"line":100,"type":"binary-expr","locations":[{"start":{"line":100,"column":6},"end":{"line":100,"column":18}},{"start":{"line":100,"column":22},"end":{"line":100,"column":36}}]},"15":{"line":105,"type":"if","locations":[{"start":{"line":105,"column":2},"end":{"line":105,"column":2}},{"start":{"line":105,"column":2},"end":{"line":105,"column":2}}]},"16":{"line":125,"type":"binary-expr","locations":[{"start":{"line":125,"column":21},"end":{"line":125,"column":51}},{"start":{"line":125,"column":55},"end":{"line":125,"column":77}}]},"17":{"line":126,"type":"binary-expr","locations":[{"start":{"line":126,"column":14},"end":{"line":126,"column":37}},{"start":{"line":126,"column":41},"end":{"line":126,"column":56}}]},"18":{"line":127,"type":"binary-expr","locations":[{"start":{"line":127,"column":15},"end":{"line":127,"column":39}},{"start":{"line":127,"column":43},"end":{"line":127,"column":65}}]},"19":{"line":136,"type":"if","locations":[{"start":{"line":136,"column":2},"end":{"line":136,"column":2}},{"start":{"line":136,"column":2},"end":{"line":136,"column":2}}]},"20":{"line":152,"type":"cond-expr","locations":[{"start":{"line":152,"column":24},"end":{"line":152,"column":29}},{"start":{"line":152,"column":32},"end":{"line":152,"column":36}}]},"21":{"line":155,"type":"if","locations":[{"start":{"line":155,"column":4},"end":{"line":155,"column":4}},{"start":{"line":155,"column":4},"end":{"line":155,"column":4}}]},"22":{"line":174,"type":"if","locations":[{"start":{"line":174,"column":4},"end":{"line":174,"column":4}},{"start":{"line":174,"column":4},"end":{"line":174,"column":4}}]},"23":{"line":174,"type":"binary-expr","locations":[{"start":{"line":174,"column":8},"end":{"line":174,"column":14}},{"start":{"line":174,"column":18},"end":{"line":174,"column":44}}]},"24":{"line":190,"type":"if","locations":[{"start":{"line":190,"column":2},"end":{"line":190,"column":2}},{"start":{"line":190,"column":2},"end":{"line":190,"column":2}}]},"25":{"line":192,"type":"cond-expr","locations":[{"start":{"line":192,"column":60},"end":{"line":192,"column":65}},{"start":{"line":192,"column":68},"end":{"line":192,"column":74}}]},"26":{"line":198,"type":"if","locations":[{"start":{"line":198,"column":6},"end":{"line":198,"column":6}},{"start":{"line":198,"column":6},"end":{"line":198,"column":6}}]},"27":{"line":199,"type":"if","locations":[{"start":{"line":199,"column":6},"end":{"line":199,"column":6}},{"start":{"line":199,"column":6},"end":{"line":199,"column":6}}]},"28":{"line":199,"type":"cond-expr","locations":[{"start":{"line":199,"column":74},"end":{"line":199,"column":79}},{"start":{"line":199,"column":82},"end":{"line":199,"column":88}}]},"29":{"line":209,"type":"cond-expr","locations":[{"start":{"line":209,"column":20},"end":{"line":209,"column":37}},{"start":{"line":209,"column":40},"end":{"line":209,"column":58}}]},"30":{"line":210,"type":"cond-expr","locations":[{"start":{"line":210,"column":23},"end":{"line":210,"column":41}},{"start":{"line":210,"column":44},"end":{"line":210,"column":61}}]},"31":{"line":216,"type":"if","locations":[{"start":{"line":216,"column":4},"end":{"line":216,"column":4}},{"start":{"line":216,"column":4},"end":{"line":216,"column":4}}]},"32":{"line":216,"type":"binary-expr","locations":[{"start":{"line":216,"column":8},"end":{"line":216,"column":13}},{"start":{"line":216,"column":18},"end":{"line":216,"column":44}}]},"33":{"line":217,"type":"cond-expr","locations":[{"start":{"line":217,"column":44},"end":{"line":217,"column":49}},{"start":{"line":217,"column":52},"end":{"line":217,"column":58}}]},"34":{"line":220,"type":"if","locations":[{"start":{"line":220,"column":6},"end":{"line":220,"column":6}},{"start":{"line":220,"column":6},"end":{"line":220,"column":6}}]},"35":{"line":220,"type":"cond-expr","locations":[{"start":{"line":220,"column":67},"end":{"line":220,"column":72}},{"start":{"line":220,"column":75},"end":{"line":220,"column":81}}]},"36":{"line":226,"type":"if","locations":[{"start":{"line":226,"column":4},"end":{"line":226,"column":4}},{"start":{"line":226,"column":4},"end":{"line":226,"column":4}}]},"37":{"line":226,"type":"binary-expr","locations":[{"start":{"line":226,"column":8},"end":{"line":226,"column":15}},{"start":{"line":226,"column":19},"end":{"line":226,"column":40}}]},"38":{"line":233,"type":"if","locations":[{"start":{"line":233,"column":4},"end":{"line":233,"column":4}},{"start":{"line":233,"column":4},"end":{"line":233,"column":4}}]},"39":{"line":242,"type":"cond-expr","locations":[{"start":{"line":242,"column":35},"end":{"line":242,"column":40}},{"start":{"line":242,"column":43},"end":{"line":242,"column":49}}]},"40":{"line":255,"type":"if","locations":[{"start":{"line":255,"column":2},"end":{"line":255,"column":2}},{"start":{"line":255,"column":2},"end":{"line":255,"column":2}}]},"41":{"line":255,"type":"binary-expr","locations":[{"start":{"line":255,"column":6},"end":{"line":255,"column":13}},{"start":{"line":255,"column":17},"end":{"line":255,"column":45}}]},"42":{"line":260,"type":"if","locations":[{"start":{"line":260,"column":2},"end":{"line":260,"column":2}},{"start":{"line":260,"column":2},"end":{"line":260,"column":2}}]},"43":{"line":272,"type":"switch","locations":[{"start":{"line":273,"column":6},"end":{"line":288,"column":14}},{"start":{"line":289,"column":6},"end":{"line":343,"column":14}},{"start":{"line":344,"column":6},"end":{"line":411,"column":14}},{"start":{"line":412,"column":6},"end":{"line":448,"column":14}},{"start":{"line":449,"column":6},"end":{"line":466,"column":14}},{"start":{"line":467,"column":6},"end":{"line":492,"column":14}}]},"44":{"line":291,"type":"if","locations":[{"start":{"line":291,"column":8},"end":{"line":291,"column":8}},{"start":{"line":291,"column":8},"end":{"line":291,"column":8}}]},"45":{"line":310,"type":"if","locations":[{"start":{"line":310,"column":10},"end":{"line":310,"column":10}},{"start":{"line":310,"column":10},"end":{"line":310,"column":10}}]},"46":{"line":312,"type":"if","locations":[{"start":{"line":312,"column":12},"end":{"line":312,"column":12}},{"start":{"line":312,"column":12},"end":{"line":312,"column":12}}]},"47":{"line":345,"type":"if","locations":[{"start":{"line":345,"column":8},"end":{"line":345,"column":8}},{"start":{"line":345,"column":8},"end":{"line":345,"column":8}}]},"48":{"line":347,"type":"if","locations":[{"start":{"line":347,"column":15},"end":{"line":347,"column":15}},{"start":{"line":347,"column":15},"end":{"line":347,"column":15}}]},"49":{"line":352,"type":"if","locations":[{"start":{"line":352,"column":8},"end":{"line":352,"column":8}},{"start":{"line":352,"column":8},"end":{"line":352,"column":8}}]},"50":{"line":361,"type":"cond-expr","locations":[{"start":{"line":361,"column":49},"end":{"line":361,"column":75}},{"start":{"line":361,"column":78},"end":{"line":361,"column":107}}]},"51":{"line":365,"type":"cond-expr","locations":[{"start":{"line":365,"column":49},"end":{"line":365,"column":75}},{"start":{"line":365,"column":78},"e
[...]
24,"column":46}},{"start":{"line":424,"column":50},"end":{"line":424,"column":67}}]},"61":{"line":425,"type":"binary-expr","locations":[{"start":{"line":425,"column":30},"end":{"line":425,"column":50}},{"start":{"line":425,"column":54},"end":{"line":425,"column":73}}]},"62":{"line":426,"type":"if","locations":[{"start":{"line":426,"column":8},"end":{"line":426,"column":8}},{"start":{"line":426,"column":8},"end":{"line":426,"column":8}}]},"63":{"line":428,"type":"if","locations":[{"start":{"line":428,"column":15},"end":{"line":428,"column":15}},{"start":{"line":428,"column":15},"end":{"line":428,"column":15}}]},"64":{"line":431,"type":"binary-expr","locations":[{"start":{"line":431,"column":29},"end":{"line":431,"column":48}},{"start":{"line":431,"column":52},"end":{"line":431,"column":70}}]}},"code":["var exec = require(\"child_process\").exec;","var Accessory, Service, Characteristic, UUIDGen;","","module.exports = function (homebridge) {","  Accessory = homebridge.platformAccessory;","  Service = homebridge.hap.Service;","  Characteristic = homebridge.hap.Characteristic;","  UUIDGen = homebridge.hap.uuid;","","  homebridge.registerPlatform(\"homebridge-cmdswitch2\", \"cmdSwitch2\", cmdSwitchPlatform, true);","}","","function cmdSwitchPlatform(log, config, api) {","  this.log = log;","  this.config = config || {\"platform\": \"cmdSwitch2\"};","  this.switches = this.config.switches || [];","","  this.accessories = {};","  this.polling = {};","","  if (api) {","    this.api = api;","    this.api.on('didFinishLaunching', this.didFinishLaunching.bind(this));","  }","}","","// Method to restore accessories from cache","cmdSwitchPlatform.prototype.configureAccessory = function (accessory) {","  this.setService(accessory);","  this.accessories[accessory.context.name] = accessory;","}","","// Method to setup accesories from config.json","cmdSwitchPlatform.prototype.didFinishLaunching = function () {","  // Add or update accessories defined in config.json","  for (var i in this.switches) this.addAccessory(this.switches[i]);","","  // Remove extra accessories in cache","  for (var name in this.accessories) {","    var accessory = this.accessories[name];","    if (!accessory.reachable) this.removeAccessory(accessory);","  }","}","","// Method to add and update HomeKit accessories","cmdSwitchPlatform.prototype.addAccessory = function (data) {","  this.log(\"Initializing platform accessory '\" + data.name + \"'...\");","","  // Retrieve accessory from cache","  var accessory = this.accessories[data.name];","","  if (!accessory) {","    // Setup accessory as SWITCH (8) category.","    var uuid = UUIDGen.generate(data.name);","    accessory = new Accessory(data.name, uuid, 8);","","    // Setup HomeKit switch service","    accessory.addService(Service.Switch, data.name);","","    // New accessory is always reachable","    accessory.reachable = true;","","    // Setup listeners for different switch events","    this.setService(accessory);","","    // Register new accessory in HomeKit","    this.api.registerPlatformAccessories(\"homebridge-cmdswitch2\", \"cmdSwitch2\", [accessory]);","","    // Store accessory in cache","    this.accessories[data.name] = accessory;","  }","","  // Confirm variable type","  data.polling = data.polling === true;","  data.interval = parseInt(data.interval, 10) || 1;","  if (data.manufacturer) data.manufacturer = data.manufacturer.toString();","  if (data.model) data.model = data.model.toString();","  if (data.serial) data.serial = data.serial.toString();","","  // Store and initialize variables into context","  var cache = accessory.context;","  cache.name = data.name;","  cache.on_cmd = data.on_cmd;","  cache.off_cmd = data.off_cmd;","  cache.state_cmd = data.state_cmd;","  cache.polling = data.polling;","  cache.interval = data.interval;","  cache.manufacturer = data.manufacturer;","  cache.model = data.model;","  cache.serial = data.serial;","  if (cache.state === undefined) {","    cache.state = false;","    if (data.off_cmd && !data.on_cmd) cache.state = true;","  }","","  // Retrieve initial state","  this.getInitState(accessory);","","  // Configure state polling","  if (data.polling && data.state_cmd) this.statePolling(data.name);","}","","// Method to remove accessories from HomeKit","cmdSwitchPlatform.prototype.removeAccessory = function (accessory) {","  if (accessory) {","    var name = accessory.context.name;","    this.log(name + \" is removed from HomeBridge.\");","    this.api.unregisterPlatformAccessories(\"homebridge-cmdswitch2\", \"cmdSwitch2\", [accessory]);","    delete this.accessories[name];","  }","}","","// Method to setup listeners for different events","cmdSwitchPlatform.prototype.setService = function (accessory) {","  accessory.getService(Service.Switch)","    .getCharacteristic(Characteristic.On)","    .on('get', this.getPowerState.bind(this, accessory.context))","    .on('set', this.setPowerState.bind(this, accessory.context));","","  accessory.on('identify', this.identify.bind(this, accessory.context));","}","","// Method to retrieve initial state","cmdSwitchPlatform.prototype.getInitState = function (accessory) {","  var manufacturer = accessory.context.manufacturer || \"Default-Manufacturer\";","  var model = accessory.context.model || \"Default-Model\";","  var serial = accessory.context.serial || \"Default-SerialNumber\";","","  // Update HomeKit accessory information","  accessory.getService(Service.AccessoryInformation)","    .setCharacteristic(Characteristic.Manufacturer, manufacturer)","    .setCharacteristic(Characteristic.Model, model)","    .setCharacteristic(Characteristic.SerialNumber, serial);","","  // Retrieve initial state if polling is disabled","  if (!accessory.context.polling) {","    accessory.getService(Service.Switch)","      .getCharacteristic(Characteristic.On)","      .getValue();","  }","","  // Configured accessory is reachable","  accessory.updateReachability(true);","}","","// Method to determine current state","cmdSwitchPlatform.prototype.getState = function (thisSwitch, callback) {","  var self = this;","","  // Execute command to detect state","  exec(thisSwitch.state_cmd, function (error, stdout, stderr) {","    var state = error ? false : true;","","    // Error detection","    if (stderr) {","      self.log(\"Failed to determine \" + thisSwitch.name + \" state.\");","      self.log(stderr);","    }","","    callback(stderr, state);","  });","}","","// Method to determine current state","cmdSwitchPlatform.prototype.statePolling = function (name) {","  var accessory = this.accessories[name];","  var thisSwitch = accessory.context;","","  // Clear polling","  clearTimeout(this.polling[name]);","","  this.getState(thisSwitch, function (error, state) {","    // Update state if there's no error","    if (!error && state !== thisSwitch.state) {","      thisSwitch.state = state;","      accessory.getService(Service.Switch)","        .getCharacteristic(Characteristic.On)","        .getValue();","    }","  });","","  // Setup for next polling","  this.polling[name] = setTimeout(this.statePolling.bind(this, name), thisSwitch.interval * 1000);","}","","// Method to determine current state","cmdSwitchPlatform.prototype.getPowerState = function (thisSwitch, callback) {","  var self = this;","","  if (thisSwitch.polling) {","    // Get state directly from cache if polling is enabled","    this.log(thisSwitch.name + \" is \" + (thisSwitch.state ? \"on.\" : \"off.\"));","    callback(null, thisSwitch.state);","  } else {","    // Check state if polling is disabled","    this.getState(thisSwitch, function (error, state) {","      // Update state if command exists","      if (thisSwitch.state_cmd) thisSwitch.state = state;","      if (!error) self.log(thisSwitch.name + \" is \" + (thisSwitch.state ? \"on.\" : \"off.\"));","      callback(error, thisSwitch.state);","    });","  }","}","","// Method to set state","cmdSwitchPlatform.prototype.setPowerState = function (thisSwitch, state, callback) {","  var self = this;","","  var cmd = state ? thisSwitch.on_cmd : thisSwitch.off_cmd;","  var notCmd = state ? thisSwitch.off_cmd : thisSwitch.on_cmd;","  var tout = null;","","  // Execute command to set state","  exec(cmd, function (error, stdout, stderr) {","    // Error detection","    if (error && (state !== thisSwitch.state)) {","      self.log(\"Failed to turn \" + (state ? \"on \" : \"off \") + thisSwitch.name);","      self.log(stderr);","    } else {","      if (cmd) self.log(thisSwitch.name + \" is turned \" + (state ? \"on.\" : \"off.\"));","      thisSwitch.state = state;","      error = null;","    }","","    // Restore switch after 1s if only one command exists","    if (!notCmd && !thisSwitch.state_cmd) {","      setTimeout(function () {","        self.accessories[thisSwitch.name].getService(Service.Switch)","          .setCharacteristic(Characteristic.On, !state);","      }, 1000);","    }","","    if (tout) {","      clearTimeout(tout);","      callback(error);","    }","  });","","  // Allow 1s to set state but otherwise assumes success","  tout = setTimeout(function () {","    tout = null;","    self.log(\"Turning \" + (state ? \"on \" : \"off \") + thisSwitch.name + \" took too long, assuming success.\" );","    callback();","  }, 1000);","}","","// Method to handle identify request","cmdSwitchPlatform.prototype.identify = function (thisSwitch, paired, callback) {","  this.log(thisSwitch.name + \" identify requested!\");","  callback();","}","","// Method to handle plugin configuration in HomeKit app","cmdSwitchPlatform.prototype.configurationRequestHandler = function (context, request, callback) {","  if (request && request.type === \"Terminate\") {","    return;","  }","","  // Instruction","  if (!context.step) {","    var instructionResp = {","      \"type\": \"Interface\",","      \"interface\": \"instruction\",","      \"title\": \"Before You Start...\",","      \"detail\": \"Please make sure homebridge is running with elevated privileges.\",","      \"showNextButton\": true","    }","","    context.step = 1;","    callback(instructionResp);","  } else {","    switch (context.step) {","      case 1:","        // Operation choices","        var respDict = {","          \"type\": \"Interface\",","          \"interface\": \"list\",","          \"title\": \"What do you want to do?\",","          \"items\": [","            \"Add New Switch\",","            \"Modify Existing Switch\",","            \"Remove Existing Switch\"","          ]","        }","","        context.step = 2;","        callback(respDict);","        break;","      case 2:","        var selection = request.response.selections[0];","        if (selection === 0) {","          // Info for new accessory","          var respDict = {","            \"type\": \"Interface\",","            \"interface\": \"input\",","            \"title\": \"New Switch\",","            \"items\": [{","              \"id\": \"name\",","              \"title\": \"Name (Required)\",","              \"placeholder\": \"HTPC\"","            }]","          };","","          context.operation = 0;","          context.step = 3;","          callback(respDict);","        } else {","          var names = Object.keys(this.accessories);","","          if (names.length > 0) {","            // Select existing accessory for modification or removal","            if (selection === 1) {","              var title = \"Witch switch do you want to modify?\";","              context.operation = 1;","              context.step = 3;","            } else {","              var title = \"Witch switch do you want to remove?\";","              context.step = 5;","            }","","            var respDict = {","              \"type\": \"Interface\",","              \"interface\": \"list\",","              \"title\": title,","              \"items\": names","            };","","            context.list = names;","          } else {","            // Error if not switch is configured","            var respDict = {","              \"type\": \"Interface\",","              \"interface\": \"instruction\",","              \"title\": \"Unavailable\",","              \"detail\": \"No switch is configured.\",","              \"showNextButton\": true","            };","","            context.step = 1;","          }","          callback(respDict);","        }","        break;","      case 3:","        if (context.operation === 0) {","          var data = request.response.inputs;","        } else if (context.operation === 1) {","          var selection = context.list[request.response.selections[0]];","          var data = this.accessories[selection].context;","        }","        ","        if (data.name) {","          // Add/Modify info of selected accessory","          var respDict = {","            \"type\": \"Interface\",","            \"interface\": \"input\",","            \"title\": data.name,","            \"items\": [{","              \"id\": \"on_cmd\",","              \"title\": \"CMD to Turn On\",","              \"placeholder\": context.operation ? \"Leave blank if unchanged\" : \"wakeonlan XX:XX:XX:XX:XX:XX\"","            }, {","              \"id\": \"off_cmd\",","              \"title\": \"CMD to Turn Off\",","              \"placeholder\": context.operation ? \"Leave blank if unchanged\" : \"net rpc shutdown -I XXX.XXX.XXX.XXX -U user%password\"","            }, {","              \"id\": \"state_cmd\",","              \"title\": \"CMD to Check ON State\",","              \"placeholder\": context.operation ? \"Leave blank if unchanged\" : \"ping -c 2 -W 1 XXX.XXX.XXX.XXX | grep -i '2 received'\"","            }, {","              \"id\": \"polling\",","              \"title\": \"Enable Polling (true/false)\",","              \"placeholder\": context.operation ? \"Leave blank if unchanged\" : \"false\"","            }, {","              \"id\": \"interval\",","              \"title\": \"Polling Interval\",","              \"placeholder\": context.operation ? \"Leave blank if unchanged\" : \"1\"","            }, {","              \"id\": \"manufacturer\",","              \"title\": \"Manufacturer\",","              \"placeholder\": context.operation ? \"Leave blank if unchanged\" : \"Default-Manufacturer\"","            }, {","              \"id\": \"model\",","              \"title\": \"Model\",","              \"placeholder\": context.operation ? \"Leave blank if unchanged\" : \"Default-Model\"","            }, {","              \"id\": \"serial\",","              \"title\": \"Serial\",","              \"placeholder\": context.operation ? \"Leave blank if unchanged\" : \"Default-SerialNumber\"","            }]","          };","","          context.name = data.name;","          context.step = 4;","        } else {","          // Error if required info is missing","          var respDict = {","            \"type\": \"Interface\",","            \"interface\": \"instruction\",","            \"title\": \"Error\",","            \"detail\": \"Name of the switch is missing.\",","            \"showNextButton\": true","          };","        ","          context.step = 1;","        }","","        delete context.list;","        delete context.operation;","        callback(respDict);","        break;","      case 4:","        var userInputs = request.response.inputs;","        var newSwitch = {};","","        // Clone context if switch exists","        if (this.accessories[context.name]) {","          newSwitch = JSON.parse(JSON.stringify(this.accessories[context.name].context));","        }","","        // Setup input for addAccessory","        newSwitch.name = context.name;","        newSwitch.on_cmd = userInputs.on_cmd || newSwitch.on_cmd;","        newSwitch.off_cmd = userInputs.off_cmd || newSwitch.off_cmd;","        newSwitch.state_cmd = userInputs.state_cmd || newSwitch.state_cmd;","        if (userInputs.polling.toUpperCase() === \"TRUE\") {","          newSwitch.polling = true;","        } else if (userInputs.polling.toUpperCase() === \"FALSE\") {","          newSwitch.polling = false;","        }","        newSwitch.interval = userInputs.interval || newSwitch.interval;","        newSwitch.manufacturer = userInputs.manufacturer;","        newSwitch.model = userInputs.model;","        newSwitch.serial = userInputs.serial;","","        // Register or update accessory in HomeKit","        this.addAccessory(newSwitch);","        var respDict = {","          \"type\": \"Interface\",","          \"interface\": \"instruction\",","          \"title\": \"Success\",","          \"detail\": \"The new switch is now updated.\",","          \"showNextButton\": true","        };","","        context.step = 6;","        callback(respDict);","        break;","      case 5:","        // Remove selected accessory from HomeKit","        var selection = context.list[request.response.selections[0]];","        var accessory = this.accessories[selection];","","        this.removeAccessory(accessory);","        var respDict = {","          \"type\": \"Interface\",","          \"interface\": \"instruction\",","          \"title\": \"Success\",","          \"detail\": \"The switch is now removed.\",","          \"showNextButton\": true","        };","","        delete context.list;","        context.step = 6;","        callback(respDict);","        break;","      case 6:","        // Update config.json accordingly","        var self = this;","        delete context.step;","        var newConfig = this.config;","","        // Create config for each switch","        var newSwitches = Object.keys(this.accessories).map(function (k) {","          var accessory = self.accessories[k];","          var data = {","            'name': accessory.context.name,","            'on_cmd': accessory.context.on_cmd,","            'off_cmd': accessory.context.off_cmd,","            'state_cmd': accessory.context.state_cmd,","            'polling': accessory.context.polling,","            'interval': accessory.context.interval,","            'manufacturer': accessory.context.manufacturer,","            'model': accessory.context.model,","            'serial': accessory.context.serial","          };","          return data;","        });","","        newConfig.switches = newSwitches;","        callback(null, \"platform\", true, newConfig);","        break;","    }","  }","}",""],"l":{"1":1,"2":1,"4":1,"5":0,"6":0,"7":0,"8":0,"10":0,"13":1,"14":0,"15":0,"16":0,"18":0,"19":0,"21":0,"22":0,"23":0,"28":1,"29":0,"30":0,"34":1,"36":0,"39":0,"40":0,"41":0,"46":1,"47":0,"50":0,"52":0,"54":0,"55":0,"58":0,"61":0,"64":0,"67":0,"70":0,"74":0,"75":0,"76":0,"77":0,"78":0,"81":0,"82":0,"83":0,"84":0,"85":0,"86":0,"87":0,"88":0,"89":0,"90":0,"91":0,"92":0,"93":0,"97":0,"100":0,"104":1,"105":0,"106":0,"107":0,"108":0,"109":0,"114":1,"115":0,"120":0,"124":1,"125":0,"126":0,"127":0,"130":0,"136":0,"137":0,"143":0,"147":1,"148":0,"151":0,"152":0,"155":0,"156":0,"157":0,"160":0,"165":1,"166":0,"167":0,"170":0,"172":0,"174":0,"175":0,"176":0,"183":0,"187":1,"188":0,"190":0,"192":0,"193":0,"196":0,"198":0,"199":0,"200":0,"206":1,"207":0,"209":0,"210":0,"211":0,"214":0,"216":0,"217":0,"218":0,"220":0,"221":0,"222":0,"226":0,"227":0,"228":0,"233":0,"234":0,"235":0,"240":0,"241":0,"242":0,"243":0,"248":1,"249":0,"250":0,"254":1,"255":0,"256":0,"260":0,"261":0,"269":0,"270":0,"272":0,"275":0,"286":0,"287":0,"288":0,"290":0,"291":0,"293":0,"304":0,"305":0,"306":0,"308":0,"310":0,"312":0,"313":0,"314":0,"315":0,"317":0,"318":0,"321":0,"328":0,"331":0,"339":0,"341":0,"343":0,"345":0,"346":0,"347":0,"348":0,"349":0,"352":0,"354":0,"393":0,"394":0,"397":0,"405":0,"408":0,"409":0,"410":0,"411":0,"413":0,"414":0,"417":0,"418":0,"422":0,"423":0,"424":0,"425":0,"426":0,"427":0,"428":0,"429":0,"431":0,"432":0,"433":0,"434":0,"437":0,"438":0,"446":0,"447":0,"448":0,"451":0,"452":0,"454":0,"455":0,"463":0,"464":0,"465":0,"466":0,"469":0,"470":0,"471":0,"474":0,"475":0,"476":0,"487":0,"490":0,"491":0,"492":0}}}